#-----------------------------------------------------------
# Vivado v2019.1 (64-bit)
# SW Build 2552052 on Fri May 24 14:49:42 MDT 2019
# IP Build 2548770 on Fri May 24 18:01:18 MDT 2019
# Start of session at: Fri Nov 26 16:03:00 2021
# Process ID: 14400
# Current directory: C:/Users/Karloz/Desktop/singlecycleCPU
# Command line: vivado.exe -gui_launcher_event rodinguilauncherevent19760 C:\Users\Karloz\Desktop\singlecycleCPU\singlecycleCPU.xpr
# Log file: C:/Users/Karloz/Desktop/singlecycleCPU/vivado.log
# Journal file: C:/Users/Karloz/Desktop/singlecycleCPU\vivado.jou
#-----------------------------------------------------------
start_gui
open_project C:/Users/Karloz/Desktop/singlecycleCPU/singlecycleCPU.xpr
Scanning sources...
Finished scanning sources
INFO: [IP_Flow 19-234] Refreshing IP repositories
INFO: [IP_Flow 19-1704] No user IP repositories specified
INFO: [IP_Flow 19-2313] Loaded Vivado IP repository 'D:/Software/Vivado/Vivado/2019.1/data/ip'.
update_compile_order -fileset sources_1
exit
INFO: [Common 17-206] Exiting Vivado at Fri Nov 26 19:09:13 2021...
