#-----------------------------------------------------------
# Vivado v2019.1 (64-bit)
# SW Build 2552052 on Fri May 24 14:49:42 MDT 2019
# IP Build 2548770 on Fri May 24 18:01:18 MDT 2019
# Start of session at: Fri Oct 29 15:34:12 2021
# Process ID: 10736
# Current directory: C:/Users/Karloz/Desktop/exp
# Command line: vivado.exe -gui_launcher_event rodinguilauncherevent47732 C:\Users\Karloz\Desktop\exp\exp.xpr
# Log file: C:/Users/Karloz/Desktop/exp/vivado.log
# Journal file: C:/Users/Karloz/Desktop/exp\vivado.jou
#-----------------------------------------------------------
start_gui
open_project C:/Users/Karloz/Desktop/exp/exp.xpr
Scanning sources...
Finished scanning sources
INFO: [IP_Flow 19-234] Refreshing IP repositories
INFO: [IP_Flow 19-1704] No user IP repositories specified
INFO: [IP_Flow 19-2313] Loaded Vivado IP repository 'D:/Software/Vivado/Vivado/2019.1/data/ip'.
update_compile_order -fileset sources_1
reset_run synth_1
launch_runs synth_1 -jobs 8
[Fri Oct 29 15:52:11 2021] Launched synth_1...
Run output will be captured here: C:/Users/Karloz/Desktop/exp/exp.runs/synth_1/runme.log
launch_runs impl_1 -to_step write_bitstream -jobs 8
[Fri Oct 29 15:52:42 2021] Launched impl_1...
Run output will be captured here: C:/Users/Karloz/Desktop/exp/exp.runs/impl_1/runme.log
open_hw
connect_hw_server
INFO: [Labtools 27-2285] Connecting to hw_server url TCP:localhost:3121
open_hw_target
INFO: [Labtoolstcl 44-466] Opening hw_target localhost:3121/xilinx_tcf/Digilent/210292AA7A0CA
set_property PROGRAM.FILE {C:/Users/Karloz/Desktop/exp/exp.runs/impl_1/main.bit} [get_hw_devices xc7a100t_0]
current_hw_device [get_hw_devices xc7a100t_0]
refresh_hw_device -update_hw_probes false [lindex [get_hw_devices xc7a100t_0] 0]
INFO: [Labtools 27-1434] Device xc7a100t (JTAG device index = 0) is programmed with a design that has no supported debug core(s) in it.
set_property PROBES.FILE {} [get_hw_devices xc7a100t_0]
set_property FULL_PROBES.FILE {} [get_hw_devices xc7a100t_0]
set_property PROGRAM.FILE {C:/Users/Karloz/Desktop/exp/exp.runs/impl_1/main.bit} [get_hw_devices xc7a100t_0]
program_hw_devices [get_hw_devices xc7a100t_0]
INFO: [Labtools 27-3164] End of startup status: HIGH
refresh_hw_device [lindex [get_hw_devices xc7a100t_0] 0]
INFO: [Labtools 27-1434] Device xc7a100t (JTAG device index = 0) is programmed with a design that has no supported debug core(s) in it.
reset_run synth_1
launch_runs synth_1 -jobs 8
[Fri Oct 29 15:56:01 2021] Launched synth_1...
Run output will be captured here: C:/Users/Karloz/Desktop/exp/exp.runs/synth_1/runme.log
launch_runs impl_1 -to_step write_bitstream -jobs 8
[Fri Oct 29 15:56:31 2021] Launched impl_1...
Run output will be captured here: C:/Users/Karloz/Desktop/exp/exp.runs/impl_1/runme.log
set_property PROBES.FILE {} [get_hw_devices xc7a100t_0]
set_property FULL_PROBES.FILE {} [get_hw_devices xc7a100t_0]
set_property PROGRAM.FILE {C:/Users/Karloz/Desktop/exp/exp.runs/impl_1/main.bit} [get_hw_devices xc7a100t_0]
program_hw_devices [get_hw_devices xc7a100t_0]
INFO: [Labtools 27-3164] End of startup status: HIGH
refresh_hw_device [lindex [get_hw_devices xc7a100t_0] 0]
INFO: [Labtools 27-1434] Device xc7a100t (JTAG device index = 0) is programmed with a design that has no supported debug core(s) in it.
ERROR: [Labtoolstcl 44-513] HW Target shutdown. Closing target: localhost:3121/xilinx_tcf/Digilent/210292AA7A0CA
exit
INFO: [Common 17-206] Exiting Vivado at Fri Oct 29 19:46:14 2021...
