#-----------------------------------------------------------
# Vivado v2019.1 (64-bit)
# SW Build 2552052 on Fri May 24 14:49:42 MDT 2019
# IP Build 2548770 on Fri May 24 18:01:18 MDT 2019
# Start of session at: Tue Oct 18 20:55:33 2022
# Process ID: 19216
# Current directory: D:/File/课程资料/计算机组成与设计/计组实验/Verilog/CPU
# Command line: vivado.exe -gui_launcher_event rodinguilauncherevent39864 D:\File\课程资料\计算机组成与设计\计组实验\Verilog\CPU\CPU.xpr
# Log file: D:/File/课程资料/计算机组成与设计/计组实验/Verilog/CPU/vivado.log
# Journal file: D:/File/课程资料/计算机组成与设计/计组实验/Verilog/CPU\vivado.jou
#-----------------------------------------------------------
start_gui
open_project D:/File/课程资料/计算机组成与设计/计组实验/Verilog/CPU/CPU.xpr
INFO: [Project 1-313] Project file moved from 'C:/Users/Karloz/Desktop/CPU' since last save.
Scanning sources...
Finished scanning sources
INFO: [IP_Flow 19-234] Refreshing IP repositories
INFO: [IP_Flow 19-1704] No user IP repositories specified
INFO: [IP_Flow 19-2313] Loaded Vivado IP repository 'D:/Software/Vivado/Vivado/2019.1/data/ip'.
exit
INFO: [Common 17-206] Exiting Vivado at Tue Oct 18 20:57:58 2022...
