#-----------------------------------------------------------
# Vivado v2019.1 (64-bit)
# SW Build 2552052 on Fri May 24 14:49:42 MDT 2019
# IP Build 2548770 on Fri May 24 18:01:18 MDT 2019
# Start of session at: Tue Nov  2 18:53:07 2021
# Process ID: 9276
# Current directory: C:/Users/Karloz/Desktop/div
# Command line: vivado.exe -gui_launcher_event rodinguilauncherevent2144 C:\Users\Karloz\Desktop\div\div.xpr
# Log file: C:/Users/Karloz/Desktop/div/vivado.log
# Journal file: C:/Users/Karloz/Desktop/div\vivado.jou
#-----------------------------------------------------------
start_gui
open_project C:/Users/Karloz/Desktop/div/div.xpr
Scanning sources...
Finished scanning sources
INFO: [IP_Flow 19-234] Refreshing IP repositories
INFO: [IP_Flow 19-1704] No user IP repositories specified
INFO: [IP_Flow 19-2313] Loaded Vivado IP repository 'D:/Software/Vivado/Vivado/2019.1/data/ip'.
update_compile_order -fileset sources_1
reset_run synth_1
launch_runs synth_1 -jobs 12
[Tue Nov  2 19:03:34 2021] Launched synth_1...
Run output will be captured here: C:/Users/Karloz/Desktop/div/div.runs/synth_1/runme.log
launch_simulation
INFO: [Vivado 12-5682] Launching behavioral simulation in 'C:/Users/Karloz/Desktop/div/div.sim/sim_1/behav/xsim'
INFO: [SIM-utils-51] Simulation object is 'sim_1'
INFO: [SIM-utils-54] Inspecting design source files for 'mul_test' in fileset 'sim_1'...
INFO: [USF-XSim-97] Finding global include files...
INFO: [USF-XSim-98] Fetching design files from 'sim_1'...
INFO: [USF-XSim-2] XSim::Compile design
INFO: [USF-XSim-61] Executing 'COMPILE and ANALYZE' step in 'C:/Users/Karloz/Desktop/div/div.sim/sim_1/behav/xsim'
"xvlog --incr --relax -prj mul_test_vlog.prj"
INFO: [VRFC 10-2263] Analyzing Verilog file "C:/Users/Karloz/Desktop/div/div.srcs/sources_1/new/div.v" into library xil_defaultlib
INFO: [VRFC 10-311] analyzing module DIVU
INFO: [VRFC 10-311] analyzing module signed_div
INFO: [VRFC 10-2263] Analyzing Verilog file "C:/Users/Karloz/Desktop/div/div.srcs/sim_1/new/div_tb.v" into library xil_defaultlib
INFO: [VRFC 10-311] analyzing module mul_test
INFO: [VRFC 10-2263] Analyzing Verilog file "C:/Users/Karloz/Desktop/div/div.sim/sim_1/behav/xsim/glbl.v" into library xil_defaultlib
INFO: [VRFC 10-311] analyzing module glbl
INFO: [USF-XSim-69] 'compile' step finished in '1' seconds
INFO: [USF-XSim-3] XSim::Elaborate design
INFO: [USF-XSim-61] Executing 'ELABORATE' step in 'C:/Users/Karloz/Desktop/div/div.sim/sim_1/behav/xsim'
"xelab -wto 9c633eb4fdf9427482850930bd30d9c6 --incr --debug typical --relax --mt 2 -L xil_defaultlib -L unisims_ver -L unimacro_ver -L secureip --snapshot mul_test_behav xil_defaultlib.mul_test xil_defaultlib.glbl -log elaborate.log"
Vivado Simulator 2019.1
Copyright 1986-1999, 2001-2019 Xilinx, Inc. All Rights Reserved.
Running: D:/Software/Vivado/Vivado/2019.1/bin/unwrapped/win64.o/xelab.exe -wto 9c633eb4fdf9427482850930bd30d9c6 --incr --debug typical --relax --mt 2 -L xil_defaultlib -L unisims_ver -L unimacro_ver -L secureip --snapshot mul_test_behav xil_defaultlib.mul_test xil_defaultlib.glbl -log elaborate.log 
Using 2 slave threads.
Starting static elaboration
Completed static elaboration
Starting simulation data flow analysis
WARNING: [XSIM 43-4099] "C:/Users/Karloz/Desktop/div/div.srcs/sources_1/new/div.v" Line 40. Module signed_div doesn't have a timescale but at least one module in design has a timescale.
Completed simulation data flow analysis
Time Resolution for simulation is 1ps
Compiling module xil_defaultlib.signed_div
Compiling module xil_defaultlib.mul_test
Compiling module xil_defaultlib.glbl
Built simulation snapshot mul_test_behav
INFO: [USF-XSim-69] 'elaborate' step finished in '1' seconds
INFO: [USF-XSim-4] XSim::Simulate design
INFO: [USF-XSim-61] Executing 'SIMULATE' step in 'C:/Users/Karloz/Desktop/div/div.sim/sim_1/behav/xsim'
INFO: [USF-XSim-98] *** Running xsim
   with args "mul_test_behav -key {Behavioral:sim_1:Functional:mul_test} -tclbatch {mul_test.tcl} -log {simulate.log}"
INFO: [USF-XSim-8] Loading simulator feature
Vivado Simulator 2019.1
Time resolution is 1 ps
source mul_test.tcl
# set curr_wave [current_wave_config]
# if { [string length $curr_wave] == 0 } {
#   if { [llength [get_objects]] > 0} {
#     add_wave /
#     set_property needs_save false [current_wave_config]
#   } else {
#      send_msg_id Add_Wave-1 WARNING "No top level signals found. Simulator will start without a wave window. If you want to open a wave window go to 'File->New Waveform Configuration' or type 'create_wave_config' in the TCL console."
#   }
# }
# run 1000ns
x=                   0 y= 1 q= 2 r= x x
x=                   0 y= 1 q= 3 r= x x
x=                   0 y= 1 q= 4 r= x x
x=                   0 y= 1 q= 5 r= x x
x=                   0 y= 1 q= 6 r= x x
x=                   0 y= 1 q= 7 r= x x
x=                   0 y= 1 q= 8 r= x x
x=                   0 y= 1 q= 9 r= x x
x=                   0 y= 1 q=10 r= x x
x=                   0 y= 1 q=11 r= x x
x=                   0 y= 1 q=12 r= x x
x=                   0 y= 1 q=13 r= x x
x=                   0 y= 1 q=14 r= x x
x=                   0 y= 1 q=15 r= x x
x=                   0 y= 2 q= 1 r= x x
x=                   0 y= 2 q= 2 r= x x
x=                   0 y= 2 q= 3 r= x x
x=                   0 y= 2 q= 4 r= x x
x=                   0 y= 2 q= 5 r= x x
x=                   0 y= 2 q= 6 r= x x
x=                   0 y= 2 q= 7 r= x x
x=                   0 y= 2 q= 8 r= x x
x=                   0 y= 2 q= 9 r= x x
x=                   0 y= 2 q=10 r= x x
x=                   0 y= 2 q=11 r= x x
x=                   0 y= 2 q=12 r= x x
x=                   0 y= 2 q=13 r= x x
x=                   0 y= 2 q=14 r= x x
x=                   0 y= 2 q=15 r= x x
x=                   0 y= 3 q= 1 r= x x
x=                   0 y= 3 q= 2 r= x x
x=                   0 y= 3 q= 3 r= x x
x=                   0 y= 3 q= 4 r= x x
x=                   0 y= 3 q= 5 r= x x
x=                   0 y= 3 q= 6 r= x x
x=                   0 y= 3 q= 7 r= x x
x=                   0 y= 3 q= 8 r= x x
x=                   0 y= 3 q= 9 r= x x
x=                   0 y= 3 q=10 r= x x
x=                   0 y= 3 q=11 r= x x
x=                   0 y= 3 q=12 r= x x
x=                   0 y= 3 q=13 r= x x
x=                   0 y= 3 q=14 r= x x
x=                   0 y= 3 q=15 r= x x
x=                   0 y= 4 q= 1 r= x x
x=                   0 y= 4 q= 2 r= x x
x=                   0 y= 4 q= 3 r= x x
x=                   0 y= 4 q= 4 r= x x
x=                   0 y= 4 q= 5 r= x x
x=                   0 y= 4 q= 6 r= x x
x=                   0 y= 4 q= 7 r= x x
x=                   0 y= 4 q= 8 r= x x
x=                   0 y= 4 q= 9 r= x x
x=                   0 y= 4 q=10 r= x x
x=                   0 y= 4 q=11 r= x x
x=                   0 y= 4 q=12 r= x x
x=                   0 y= 4 q=13 r= x x
x=                   0 y= 4 q=14 r= x x
x=                   0 y= 4 q=15 r= x x
x=                   0 y= 5 q= 1 r= x x
x=                   0 y= 5 q= 2 r= x x
x=                   0 y= 5 q= 3 r= x x
x=                   0 y= 5 q= 4 r= x x
x=                   0 y= 5 q= 5 r= x x
x=                   0 y= 5 q= 6 r= x x
x=                   0 y= 5 q= 7 r= x x
x=                   0 y= 5 q= 8 r= x x
x=                   0 y= 5 q= 9 r= x x
x=                   0 y= 5 q=10 r= x x
x=                   0 y= 5 q=11 r= x x
x=                   0 y= 5 q=12 r= x x
x=                   0 y= 5 q=13 r= x x
x=                   0 y= 5 q=14 r= x x
x=                   0 y= 5 q=15 r= x x
x=                   0 y= 6 q= 1 r= x x
x=                   0 y= 6 q= 2 r= x x
x=                   0 y= 6 q= 3 r= x x
x=                   0 y= 6 q= 4 r= x x
x=                   0 y= 6 q= 5 r= x x
x=                   0 y= 6 q= 6 r= x x
x=                   0 y= 6 q= 7 r= x x
x=                   0 y= 6 q= 8 r= x x
x=                   0 y= 6 q= 9 r= x x
x=                   0 y= 6 q=10 r= x x
x=                   0 y= 6 q=11 r= x x
x=                   0 y= 6 q=12 r= x x
x=                   0 y= 6 q=13 r= x x
x=                   0 y= 6 q=14 r= x x
x=                   0 y= 6 q=15 r= x x
x=                   0 y= 7 q= 1 r= x x
x=                   0 y= 7 q= 2 r= x x
x=                   0 y= 7 q= 3 r= x x
x=                   0 y= 7 q= 4 r= x x
x=                   0 y= 7 q= 5 r= x x
x=                   0 y= 7 q= 6 r= x x
x=                   0 y= 7 q= 7 r= x x
x=                   0 y= 7 q= 8 r= x x
x=                   0 y= 7 q= 9 r= x x
x=                   0 y= 7 q=10 r= x x
x=                   0 y= 7 q=11 r= x x
x=                   0 y= 7 q=12 r= x x
x=                   0 y= 7 q=13 r= x x
x=                   0 y= 7 q=14 r= x x
x=                   0 y= 7 q=15 r= x x
x=                   0 y= 8 q= 1 r= x x
x=                   0 y= 8 q= 2 r= x x
x=                   0 y= 8 q= 3 r= x x
x=                   0 y= 8 q= 4 r= x x
x=                   0 y= 8 q= 5 r= x x
x=                   0 y= 8 q= 6 r= x x
x=                   0 y= 8 q= 7 r= x x
x=                   0 y= 8 q= 8 r= x x
x=                   0 y= 8 q= 9 r= x x
x=                   0 y= 8 q=10 r= x x
x=                   0 y= 8 q=11 r= x x
x=                   0 y= 8 q=12 r= x x
x=                   0 y= 8 q=13 r= x x
x=                   0 y= 8 q=14 r= x x
x=                   0 y= 8 q=15 r= x x
x=                   0 y= 9 q= 1 r= x x
x=                   0 y= 9 q= 2 r= x x
x=                   0 y= 9 q= 3 r= x x
x=                   0 y= 9 q= 4 r= x x
x=                   0 y= 9 q= 5 r= x x
x=                   0 y= 9 q= 6 r= x x
x=                   0 y= 9 q= 7 r= x x
x=                   0 y= 9 q= 8 r= x x
x=                   0 y= 9 q= 9 r= x x
x=                   0 y= 9 q=10 r= x x
x=                   0 y= 9 q=11 r= x x
x=                   0 y= 9 q=12 r= x x
x=                   0 y= 9 q=13 r= x x
x=                   0 y= 9 q=14 r= x x
x=                   0 y= 9 q=15 r= x x
x=                   0 y=10 q= 1 r= x x
x=                   0 y=10 q= 2 r= x x
x=                   0 y=10 q= 3 r= x x
x=                   0 y=10 q= 4 r= x x
x=                   0 y=10 q= 5 r= x x
x=                   0 y=10 q= 6 r= x x
x=                   0 y=10 q= 7 r= x x
x=                   0 y=10 q= 8 r= x x
x=                   0 y=10 q= 9 r= x x
x=                   0 y=10 q=10 r= x x
x=                   0 y=10 q=11 r= x x
x=                   0 y=10 q=12 r= x x
x=                   0 y=10 q=13 r= x x
x=                   0 y=10 q=14 r= x x
x=                   0 y=10 q=15 r= x x
x=                   0 y=11 q= 1 r= x x
x=                   0 y=11 q= 2 r= x x
x=                   0 y=11 q= 3 r= x x
x=                   0 y=11 q= 4 r= x x
x=                   0 y=11 q= 5 r= x x
x=                   0 y=11 q= 6 r= x x
x=                   0 y=11 q= 7 r= x x
x=                   0 y=11 q= 8 r= x x
x=                   0 y=11 q= 9 r= x x
x=                   0 y=11 q=10 r= x x
x=                   0 y=11 q=11 r= x x
x=                   0 y=11 q=12 r= x x
x=                   0 y=11 q=13 r= x x
x=                   0 y=11 q=14 r= x x
x=                   0 y=11 q=15 r= x x
x=                   0 y=12 q= 1 r= x x
x=                   0 y=12 q= 2 r= x x
x=                   0 y=12 q= 3 r= x x
x=                   0 y=12 q= 4 r= x x
x=                   0 y=12 q= 5 r= x x
x=                   0 y=12 q= 6 r= x x
x=                   0 y=12 q= 7 r= x x
x=                   0 y=12 q= 8 r= x x
x=                   0 y=12 q= 9 r= x x
x=                   0 y=12 q=10 r= x x
x=                   0 y=12 q=11 r= x x
x=                   0 y=12 q=12 r= x x
x=                   0 y=12 q=13 r= x x
x=                   0 y=12 q=14 r= x x
x=                   0 y=12 q=15 r= x x
x=                   0 y=13 q= 1 r= x x
x=                   0 y=13 q= 2 r= x x
x=                   0 y=13 q= 3 r= x x
x=                   0 y=13 q= 4 r= x x
x=                   0 y=13 q= 5 r= x x
x=                   0 y=13 q= 6 r= x x
x=                   0 y=13 q= 7 r= x x
x=                   0 y=13 q= 8 r= x x
x=                   0 y=13 q= 9 r= x x
x=                   0 y=13 q=10 r= x x
x=                   0 y=13 q=11 r= x x
x=                   0 y=13 q=12 r= x x
x=                   0 y=13 q=13 r= x x
x=                   0 y=13 q=14 r= x x
x=                   0 y=13 q=15 r= x x
x=                   0 y=14 q= 1 r= x x
x=                   0 y=14 q= 2 r= x x
x=                   0 y=14 q= 3 r= x x
x=                   0 y=14 q= 4 r= x x
x=                   0 y=14 q= 5 r= x x
x=                   0 y=14 q= 6 r= x x
x=                   0 y=14 q= 7 r= x x
x=                   0 y=14 q= 8 r= x x
x=                   0 y=14 q= 9 r= x x
x=                   0 y=14 q=10 r= x x
x=                   0 y=14 q=11 r= x x
x=                   0 y=14 q=12 r= x x
x=                   0 y=14 q=13 r= x x
x=                   0 y=14 q=14 r= x x
x=                   0 y=14 q=15 r= x x
x=                   0 y=15 q= 1 r= x x
x=                   0 y=15 q= 2 r= x x
x=                   0 y=15 q= 3 r= x x
x=                   0 y=15 q= 4 r= x x
x=                   0 y=15 q= 5 r= x x
x=                   0 y=15 q= 6 r= x x
x=                   0 y=15 q= 7 r= x x
x=                   0 y=15 q= 8 r= x x
x=                   0 y=15 q= 9 r= x x
x=                   0 y=15 q=10 r= x x
x=                   0 y=15 q=11 r= x x
x=                   0 y=15 q=12 r= x x
x=                   0 y=15 q=13 r= x x
x=                   0 y=15 q=14 r= x x
$stop called at time : 224 ps : File "C:/Users/Karloz/Desktop/div/div.srcs/sim_1/new/div_tb.v" Line 27
INFO: [USF-XSim-96] XSim completed. Design snapshot 'mul_test_behav' loaded.
INFO: [USF-XSim-97] XSim simulation ran for 1000ns
launch_simulation: Time (s): cpu = 00:00:07 ; elapsed = 00:00:05 . Memory (MB): peak = 992.516 ; gain = 40.500
close_sim
INFO: [Simtcl 6-16] Simulation closed
launch_simulation
INFO: [Vivado 12-5682] Launching behavioral simulation in 'C:/Users/Karloz/Desktop/div/div.sim/sim_1/behav/xsim'
INFO: [SIM-utils-51] Simulation object is 'sim_1'
INFO: [SIM-utils-54] Inspecting design source files for 'mul_test' in fileset 'sim_1'...
INFO: [USF-XSim-97] Finding global include files...
INFO: [USF-XSim-98] Fetching design files from 'sim_1'...
INFO: [USF-XSim-2] XSim::Compile design
INFO: [USF-XSim-61] Executing 'COMPILE and ANALYZE' step in 'C:/Users/Karloz/Desktop/div/div.sim/sim_1/behav/xsim'
"xvlog --incr --relax -prj mul_test_vlog.prj"
INFO: [VRFC 10-2263] Analyzing Verilog file "C:/Users/Karloz/Desktop/div/div.srcs/sources_1/new/div.v" into library xil_defaultlib
INFO: [VRFC 10-311] analyzing module DIVU
INFO: [VRFC 10-311] analyzing module signed_div
INFO: [VRFC 10-2263] Analyzing Verilog file "C:/Users/Karloz/Desktop/div/div.srcs/sim_1/new/div_tb.v" into library xil_defaultlib
INFO: [VRFC 10-311] analyzing module mul_test
INFO: [USF-XSim-69] 'compile' step finished in '1' seconds
INFO: [USF-XSim-3] XSim::Elaborate design
INFO: [USF-XSim-61] Executing 'ELABORATE' step in 'C:/Users/Karloz/Desktop/div/div.sim/sim_1/behav/xsim'
"xelab -wto 9c633eb4fdf9427482850930bd30d9c6 --incr --debug typical --relax --mt 2 -L xil_defaultlib -L unisims_ver -L unimacro_ver -L secureip --snapshot mul_test_behav xil_defaultlib.mul_test xil_defaultlib.glbl -log elaborate.log"
Vivado Simulator 2019.1
Copyright 1986-1999, 2001-2019 Xilinx, Inc. All Rights Reserved.
Running: D:/Software/Vivado/Vivado/2019.1/bin/unwrapped/win64.o/xelab.exe -wto 9c633eb4fdf9427482850930bd30d9c6 --incr --debug typical --relax --mt 2 -L xil_defaultlib -L unisims_ver -L unimacro_ver -L secureip --snapshot mul_test_behav xil_defaultlib.mul_test xil_defaultlib.glbl -log elaborate.log 
Using 2 slave threads.
Starting static elaboration
Completed static elaboration
Starting simulation data flow analysis
WARNING: [XSIM 43-4099] "C:/Users/Karloz/Desktop/div/div.srcs/sources_1/new/div.v" Line 40. Module signed_div doesn't have a timescale but at least one module in design has a timescale.
Completed simulation data flow analysis
Time Resolution for simulation is 1ps
Compiling module xil_defaultlib.signed_div
Compiling module xil_defaultlib.mul_test
Compiling module xil_defaultlib.glbl
Built simulation snapshot mul_test_behav
INFO: [USF-XSim-69] 'elaborate' step finished in '1' seconds
INFO: [USF-XSim-4] XSim::Simulate design
INFO: [USF-XSim-61] Executing 'SIMULATE' step in 'C:/Users/Karloz/Desktop/div/div.sim/sim_1/behav/xsim'
INFO: [USF-XSim-98] *** Running xsim
   with args "mul_test_behav -key {Behavioral:sim_1:Functional:mul_test} -tclbatch {mul_test.tcl} -log {simulate.log}"
INFO: [USF-XSim-8] Loading simulator feature
Vivado Simulator 2019.1
Time resolution is 1 ps
source mul_test.tcl
# set curr_wave [current_wave_config]
# if { [string length $curr_wave] == 0 } {
#   if { [llength [get_objects]] > 0} {
#     add_wave /
#     set_property needs_save false [current_wave_config]
#   } else {
#      send_msg_id Add_Wave-1 WARNING "No top level signals found. Simulator will start without a wave window. If you want to open a wave window go to 'File->New Waveform Configuration' or type 'create_wave_config' in the TCL console."
#   }
# }
# run 1000ns
x=                   0 y= 1 q= 2 r= x x
x=                   0 y= 1 q= 3 r= x x
x=                   0 y= 1 q= 4 r= x x
x=                   0 y= 1 q= 5 r= x x
x=                   0 y= 1 q= 6 r= x x
x=                   0 y= 1 q= 7 r= x x
x=                   0 y= 1 q= 8 r= x x
x=                   0 y= 1 q= 9 r= x x
x=                   0 y= 1 q=10 r= x x
x=                   0 y= 1 q=11 r= x x
x=                   0 y= 1 q=12 r= x x
x=                   0 y= 1 q=13 r= x x
x=                   0 y= 1 q=14 r= x x
x=                   0 y= 1 q=15 r= x x
x=                   0 y= 2 q= 1 r= x x
x=                   0 y= 2 q= 2 r= x x
x=                   0 y= 2 q= 3 r= x x
x=                   0 y= 2 q= 4 r= x x
x=                   0 y= 2 q= 5 r= x x
x=                   0 y= 2 q= 6 r= x x
x=                   0 y= 2 q= 7 r= x x
x=                   0 y= 2 q= 8 r= x x
x=                   0 y= 2 q= 9 r= x x
x=                   0 y= 2 q=10 r= x x
x=                   0 y= 2 q=11 r= x x
x=                   0 y= 2 q=12 r= x x
x=                   0 y= 2 q=13 r= x x
x=                   0 y= 2 q=14 r= x x
x=                   0 y= 2 q=15 r= x x
x=                   0 y= 3 q= 1 r= x x
x=                   0 y= 3 q= 2 r= x x
x=                   0 y= 3 q= 3 r= x x
x=                   0 y= 3 q= 4 r= x x
x=                   0 y= 3 q= 5 r= x x
x=                   0 y= 3 q= 6 r= x x
x=                   0 y= 3 q= 7 r= x x
x=                   0 y= 3 q= 8 r= x x
x=                   0 y= 3 q= 9 r= x x
x=                   0 y= 3 q=10 r= x x
x=                   0 y= 3 q=11 r= x x
x=                   0 y= 3 q=12 r= x x
x=                   0 y= 3 q=13 r= x x
x=                   0 y= 3 q=14 r= x x
x=                   0 y= 3 q=15 r= x x
x=                   0 y= 4 q= 1 r= x x
x=                   0 y= 4 q= 2 r= x x
x=                   0 y= 4 q= 3 r= x x
x=                   0 y= 4 q= 4 r= x x
x=                   0 y= 4 q= 5 r= x x
x=                   0 y= 4 q= 6 r= x x
x=                   0 y= 4 q= 7 r= x x
x=                   0 y= 4 q= 8 r= x x
x=                   0 y= 4 q= 9 r= x x
x=                   0 y= 4 q=10 r= x x
x=                   0 y= 4 q=11 r= x x
x=                   0 y= 4 q=12 r= x x
x=                   0 y= 4 q=13 r= x x
x=                   0 y= 4 q=14 r= x x
x=                   0 y= 4 q=15 r= x x
x=                   0 y= 5 q= 1 r= x x
x=                   0 y= 5 q= 2 r= x x
x=                   0 y= 5 q= 3 r= x x
x=                   0 y= 5 q= 4 r= x x
x=                   0 y= 5 q= 5 r= x x
x=                   0 y= 5 q= 6 r= x x
x=                   0 y= 5 q= 7 r= x x
x=                   0 y= 5 q= 8 r= x x
x=                   0 y= 5 q= 9 r= x x
x=                   0 y= 5 q=10 r= x x
x=                   0 y= 5 q=11 r= x x
x=                   0 y= 5 q=12 r= x x
x=                   0 y= 5 q=13 r= x x
x=                   0 y= 5 q=14 r= x x
x=                   0 y= 5 q=15 r= x x
x=                   0 y= 6 q= 1 r= x x
x=                   0 y= 6 q= 2 r= x x
x=                   0 y= 6 q= 3 r= x x
x=                   0 y= 6 q= 4 r= x x
x=                   0 y= 6 q= 5 r= x x
x=                   0 y= 6 q= 6 r= x x
x=                   0 y= 6 q= 7 r= x x
x=                   0 y= 6 q= 8 r= x x
x=                   0 y= 6 q= 9 r= x x
x=                   0 y= 6 q=10 r= x x
x=                   0 y= 6 q=11 r= x x
x=                   0 y= 6 q=12 r= x x
x=                   0 y= 6 q=13 r= x x
x=                   0 y= 6 q=14 r= x x
x=                   0 y= 6 q=15 r= x x
x=                   0 y= 7 q= 1 r= x x
x=                   0 y= 7 q= 2 r= x x
x=                   0 y= 7 q= 3 r= x x
x=                   0 y= 7 q= 4 r= x x
x=                   0 y= 7 q= 5 r= x x
x=                   0 y= 7 q= 6 r= x x
x=                   0 y= 7 q= 7 r= x x
x=                   0 y= 7 q= 8 r= x x
x=                   0 y= 7 q= 9 r= x x
x=                   0 y= 7 q=10 r= x x
x=                   0 y= 7 q=11 r= x x
x=                   0 y= 7 q=12 r= x x
x=                   0 y= 7 q=13 r= x x
x=                   0 y= 7 q=14 r= x x
x=                   0 y= 7 q=15 r= x x
x=                   0 y= 8 q= 1 r= x x
x=                   0 y= 8 q= 2 r= x x
x=                   0 y= 8 q= 3 r= x x
x=                   0 y= 8 q= 4 r= x x
x=                   0 y= 8 q= 5 r= x x
x=                   0 y= 8 q= 6 r= x x
x=                   0 y= 8 q= 7 r= x x
x=                   0 y= 8 q= 8 r= x x
x=                   0 y= 8 q= 9 r= x x
x=                   0 y= 8 q=10 r= x x
x=                   0 y= 8 q=11 r= x x
x=                   0 y= 8 q=12 r= x x
x=                   0 y= 8 q=13 r= x x
x=                   0 y= 8 q=14 r= x x
x=                   0 y= 8 q=15 r= x x
x=                   0 y= 9 q= 1 r= x x
x=                   0 y= 9 q= 2 r= x x
x=                   0 y= 9 q= 3 r= x x
x=                   0 y= 9 q= 4 r= x x
x=                   0 y= 9 q= 5 r= x x
x=                   0 y= 9 q= 6 r= x x
x=                   0 y= 9 q= 7 r= x x
x=                   0 y= 9 q= 8 r= x x
x=                   0 y= 9 q= 9 r= x x
x=                   0 y= 9 q=10 r= x x
x=                   0 y= 9 q=11 r= x x
x=                   0 y= 9 q=12 r= x x
x=                   0 y= 9 q=13 r= x x
x=                   0 y= 9 q=14 r= x x
x=                   0 y= 9 q=15 r= x x
x=                   0 y=10 q= 1 r= x x
x=                   0 y=10 q= 2 r= x x
x=                   0 y=10 q= 3 r= x x
x=                   0 y=10 q= 4 r= x x
x=                   0 y=10 q= 5 r= x x
x=                   0 y=10 q= 6 r= x x
x=                   0 y=10 q= 7 r= x x
x=                   0 y=10 q= 8 r= x x
x=                   0 y=10 q= 9 r= x x
x=                   0 y=10 q=10 r= x x
x=                   0 y=10 q=11 r= x x
x=                   0 y=10 q=12 r= x x
x=                   0 y=10 q=13 r= x x
x=                   0 y=10 q=14 r= x x
x=                   0 y=10 q=15 r= x x
x=                   0 y=11 q= 1 r= x x
x=                   0 y=11 q= 2 r= x x
x=                   0 y=11 q= 3 r= x x
x=                   0 y=11 q= 4 r= x x
x=                   0 y=11 q= 5 r= x x
x=                   0 y=11 q= 6 r= x x
x=                   0 y=11 q= 7 r= x x
x=                   0 y=11 q= 8 r= x x
x=                   0 y=11 q= 9 r= x x
x=                   0 y=11 q=10 r= x x
x=                   0 y=11 q=11 r= x x
x=                   0 y=11 q=12 r= x x
x=                   0 y=11 q=13 r= x x
x=                   0 y=11 q=14 r= x x
x=                   0 y=11 q=15 r= x x
x=                   0 y=12 q= 1 r= x x
x=                   0 y=12 q= 2 r= x x
x=                   0 y=12 q= 3 r= x x
x=                   0 y=12 q= 4 r= x x
x=                   0 y=12 q= 5 r= x x
x=                   0 y=12 q= 6 r= x x
x=                   0 y=12 q= 7 r= x x
x=                   0 y=12 q= 8 r= x x
x=                   0 y=12 q= 9 r= x x
x=                   0 y=12 q=10 r= x x
x=                   0 y=12 q=11 r= x x
x=                   0 y=12 q=12 r= x x
x=                   0 y=12 q=13 r= x x
x=                   0 y=12 q=14 r= x x
x=                   0 y=12 q=15 r= x x
x=                   0 y=13 q= 1 r= x x
x=                   0 y=13 q= 2 r= x x
x=                   0 y=13 q= 3 r= x x
x=                   0 y=13 q= 4 r= x x
x=                   0 y=13 q= 5 r= x x
x=                   0 y=13 q= 6 r= x x
x=                   0 y=13 q= 7 r= x x
x=                   0 y=13 q= 8 r= x x
x=                   0 y=13 q= 9 r= x x
x=                   0 y=13 q=10 r= x x
x=                   0 y=13 q=11 r= x x
x=                   0 y=13 q=12 r= x x
x=                   0 y=13 q=13 r= x x
x=                   0 y=13 q=14 r= x x
x=                   0 y=13 q=15 r= x x
x=                   0 y=14 q= 1 r= x x
x=                   0 y=14 q= 2 r= x x
x=                   0 y=14 q= 3 r= x x
x=                   0 y=14 q= 4 r= x x
x=                   0 y=14 q= 5 r= x x
x=                   0 y=14 q= 6 r= x x
x=                   0 y=14 q= 7 r= x x
x=                   0 y=14 q= 8 r= x x
x=                   0 y=14 q= 9 r= x x
x=                   0 y=14 q=10 r= x x
x=                   0 y=14 q=11 r= x x
x=                   0 y=14 q=12 r= x x
x=                   0 y=14 q=13 r= x x
x=                   0 y=14 q=14 r= x x
x=                   0 y=14 q=15 r= x x
x=                   0 y=15 q= 1 r= x x
x=                   0 y=15 q= 2 r= x x
x=                   0 y=15 q= 3 r= x x
x=                   0 y=15 q= 4 r= x x
x=                   0 y=15 q= 5 r= x x
x=                   0 y=15 q= 6 r= x x
x=                   0 y=15 q= 7 r= x x
x=                   0 y=15 q= 8 r= x x
x=                   0 y=15 q= 9 r= x x
x=                   0 y=15 q=10 r= x x
x=                   0 y=15 q=11 r= x x
x=                   0 y=15 q=12 r= x x
x=                   0 y=15 q=13 r= x x
x=                   0 y=15 q=14 r= x x
$stop called at time : 224 ps : File "C:/Users/Karloz/Desktop/div/div.srcs/sim_1/new/div_tb.v" Line 27
INFO: [USF-XSim-96] XSim completed. Design snapshot 'mul_test_behav' loaded.
INFO: [USF-XSim-97] XSim simulation ran for 1000ns
close_sim
INFO: [Simtcl 6-16] Simulation closed
launch_simulation
INFO: [Vivado 12-5682] Launching behavioral simulation in 'C:/Users/Karloz/Desktop/div/div.sim/sim_1/behav/xsim'
INFO: [SIM-utils-51] Simulation object is 'sim_1'
INFO: [SIM-utils-54] Inspecting design source files for 'mul_test' in fileset 'sim_1'...
INFO: [USF-XSim-97] Finding global include files...
INFO: [USF-XSim-98] Fetching design files from 'sim_1'...
INFO: [USF-XSim-2] XSim::Compile design
INFO: [USF-XSim-61] Executing 'COMPILE and ANALYZE' step in 'C:/Users/Karloz/Desktop/div/div.sim/sim_1/behav/xsim'
"xvlog --incr --relax -prj mul_test_vlog.prj"
INFO: [VRFC 10-2263] Analyzing Verilog file "C:/Users/Karloz/Desktop/div/div.srcs/sources_1/new/div.v" into library xil_defaultlib
INFO: [VRFC 10-311] analyzing module DIVU
INFO: [VRFC 10-311] analyzing module signed_div
INFO: [VRFC 10-2263] Analyzing Verilog file "C:/Users/Karloz/Desktop/div/div.srcs/sim_1/new/div_tb.v" into library xil_defaultlib
INFO: [VRFC 10-311] analyzing module mul_test
INFO: [USF-XSim-69] 'compile' step finished in '1' seconds
INFO: [USF-XSim-3] XSim::Elaborate design
INFO: [USF-XSim-61] Executing 'ELABORATE' step in 'C:/Users/Karloz/Desktop/div/div.sim/sim_1/behav/xsim'
"xelab -wto 9c633eb4fdf9427482850930bd30d9c6 --incr --debug typical --relax --mt 2 -L xil_defaultlib -L unisims_ver -L unimacro_ver -L secureip --snapshot mul_test_behav xil_defaultlib.mul_test xil_defaultlib.glbl -log elaborate.log"
Vivado Simulator 2019.1
Copyright 1986-1999, 2001-2019 Xilinx, Inc. All Rights Reserved.
Running: D:/Software/Vivado/Vivado/2019.1/bin/unwrapped/win64.o/xelab.exe -wto 9c633eb4fdf9427482850930bd30d9c6 --incr --debug typical --relax --mt 2 -L xil_defaultlib -L unisims_ver -L unimacro_ver -L secureip --snapshot mul_test_behav xil_defaultlib.mul_test xil_defaultlib.glbl -log elaborate.log 
Using 2 slave threads.
Starting static elaboration
Completed static elaboration
Starting simulation data flow analysis
WARNING: [XSIM 43-4099] "C:/Users/Karloz/Desktop/div/div.srcs/sources_1/new/div.v" Line 40. Module signed_div doesn't have a timescale but at least one module in design has a timescale.
Completed simulation data flow analysis
Time Resolution for simulation is 1ps
Compiling module xil_defaultlib.signed_div
Compiling module xil_defaultlib.mul_test
Compiling module xil_defaultlib.glbl
Built simulation snapshot mul_test_behav
INFO: [USF-XSim-69] 'elaborate' step finished in '1' seconds
INFO: [USF-XSim-4] XSim::Simulate design
INFO: [USF-XSim-61] Executing 'SIMULATE' step in 'C:/Users/Karloz/Desktop/div/div.sim/sim_1/behav/xsim'
INFO: [USF-XSim-98] *** Running xsim
   with args "mul_test_behav -key {Behavioral:sim_1:Functional:mul_test} -tclbatch {mul_test.tcl} -log {simulate.log}"
INFO: [USF-XSim-8] Loading simulator feature
Vivado Simulator 2019.1
Time resolution is 1 ps
source mul_test.tcl
# set curr_wave [current_wave_config]
# if { [string length $curr_wave] == 0 } {
#   if { [llength [get_objects]] > 0} {
#     add_wave /
#     set_property needs_save false [current_wave_config]
#   } else {
#      send_msg_id Add_Wave-1 WARNING "No top level signals found. Simulator will start without a wave window. If you want to open a wave window go to 'File->New Waveform Configuration' or type 'create_wave_config' in the TCL console."
#   }
# }
# run 1000ns
x=                   0 y= 1 q= 2 r= 0 1
x=                   0 y= 1 q= 3 r= 0 1
x=                   0 y= 1 q= 4 r= 0 1
x=                   0 y= 1 q= 5 r= 0 1
x=                   0 y= 1 q= 6 r= 0 1
x=                   0 y= 1 q= 7 r= 0 1
x=                   0 y= 1 q= 8 r= 0 1
x=                   0 y= 1 q= 9 r= 0 1
x=                   0 y= 1 q=10 r= 0 1
x=                   0 y= 1 q=11 r= 0 1
x=                   0 y= 1 q=12 r= 0 1
x=                   0 y= 1 q=13 r= 0 1
x=                   0 y= 1 q=14 r= 0 1
x=                   0 y= 1 q=15 r= 1 0
x=                   0 y= 2 q= 1 r= 2 0
x=                   0 y= 2 q= 2 r= 1 0
x=                   0 y= 2 q= 3 r= 0 2
x=                   0 y= 2 q= 4 r= 0 2
x=                   0 y= 2 q= 5 r= 0 2
x=                   0 y= 2 q= 6 r= 0 2
x=                   0 y= 2 q= 7 r= 0 2
x=                   0 y= 2 q= 8 r= 0 2
x=                   0 y= 2 q= 9 r= 0 2
x=                   0 y= 2 q=10 r= 0 2
x=                   0 y= 2 q=11 r= 0 2
x=                   0 y= 2 q=12 r= 0 2
x=                   0 y= 2 q=13 r= 0 2
x=                   0 y= 2 q=14 r= 1 0
x=                   0 y= 2 q=15 r= 2 0
x=                   0 y= 3 q= 1 r= 3 0
x=                   0 y= 3 q= 2 r= 1 1
x=                   0 y= 3 q= 3 r= 1 0
x=                   0 y= 3 q= 4 r= 0 3
x=                   0 y= 3 q= 5 r= 0 3
x=                   0 y= 3 q= 6 r= 0 3
x=                   0 y= 3 q= 7 r= 0 3
x=                   0 y= 3 q= 8 r= 0 3
x=                   0 y= 3 q= 9 r= 0 3
x=                   0 y= 3 q=10 r= 0 3
x=                   0 y= 3 q=11 r= 0 3
x=                   0 y= 3 q=12 r= 0 3
x=                   0 y= 3 q=13 r= 1 0
x=                   0 y= 3 q=14 r= 1 1
x=                   0 y= 3 q=15 r= 3 0
x=                   0 y= 4 q= 1 r= 4 0
x=                   0 y= 4 q= 2 r= 2 0
x=                   0 y= 4 q= 3 r= 1 1
x=                   0 y= 4 q= 4 r= 1 0
x=                   0 y= 4 q= 5 r= 0 4
x=                   0 y= 4 q= 6 r= 0 4
x=                   0 y= 4 q= 7 r= 0 4
x=                   0 y= 4 q= 8 r= 0 4
x=                   0 y= 4 q= 9 r= 0 4
x=                   0 y= 4 q=10 r= 0 4
x=                   0 y= 4 q=11 r= 0 4
x=                   0 y= 4 q=12 r= 1 0
x=                   0 y= 4 q=13 r= 1 1
x=                   0 y= 4 q=14 r= 2 0
x=                   0 y= 4 q=15 r= 4 0
x=                   0 y= 5 q= 1 r= 5 0
x=                   0 y= 5 q= 2 r= 2 1
x=                   0 y= 5 q= 3 r= 1 2
x=                   0 y= 5 q= 4 r= 1 1
x=                   0 y= 5 q= 5 r= 1 0
x=                   0 y= 5 q= 6 r= 0 5
x=                   0 y= 5 q= 7 r= 0 5
x=                   0 y= 5 q= 8 r= 0 5
x=                   0 y= 5 q= 9 r= 0 5
x=                   0 y= 5 q=10 r= 0 5
x=                   0 y= 5 q=11 r= 1 0
x=                   0 y= 5 q=12 r= 1 1
x=                   0 y= 5 q=13 r= 1 2
x=                   0 y= 5 q=14 r= 2 1
x=                   0 y= 5 q=15 r= 5 0
x=                   0 y= 6 q= 1 r= 6 0
x=                   0 y= 6 q= 2 r= 3 0
x=                   0 y= 6 q= 3 r= 2 0
x=                   0 y= 6 q= 4 r= 1 2
x=                   0 y= 6 q= 5 r= 1 1
x=                   0 y= 6 q= 6 r= 1 0
x=                   0 y= 6 q= 7 r= 0 6
x=                   0 y= 6 q= 8 r= 0 6
x=                   0 y= 6 q= 9 r= 0 6
x=                   0 y= 6 q=10 r= 1 0
x=                   0 y= 6 q=11 r= 1 1
x=                   0 y= 6 q=12 r= 1 2
x=                   0 y= 6 q=13 r= 2 0
x=                   0 y= 6 q=14 r= 3 0
x=                   0 y= 6 q=15 r= 6 0
x=                   0 y= 7 q= 1 r= 7 0
x=                   0 y= 7 q= 2 r= 3 1
x=                   0 y= 7 q= 3 r= 2 1
x=                   0 y= 7 q= 4 r= 1 3
x=                   0 y= 7 q= 5 r= 1 2
x=                   0 y= 7 q= 6 r= 1 1
x=                   0 y= 7 q= 7 r= 1 0
x=                   0 y= 7 q= 8 r= 0 7
x=                   0 y= 7 q= 9 r= 1 0
x=                   0 y= 7 q=10 r= 1 1
x=                   0 y= 7 q=11 r= 1 2
x=                   0 y= 7 q=12 r= 1 3
x=                   0 y= 7 q=13 r= 2 1
x=                   0 y= 7 q=14 r= 3 1
x=                   0 y= 7 q=15 r= 7 0
x=                   0 y= 8 q= 1 r= 8 0
x=                   0 y= 8 q= 2 r= 4 0
x=                   0 y= 8 q= 3 r= 214
x=                   0 y= 8 q= 4 r= 2 0
x=                   0 y= 8 q= 5 r= 113
x=                   0 y= 8 q= 6 r= 114
x=                   0 y= 8 q= 7 r= 115
x=                   0 y= 8 q= 8 r= 1 0
x=                   0 y= 8 q= 9 r= 115
x=                   0 y= 8 q=10 r= 114
x=                   0 y= 8 q=11 r= 113
x=                   0 y= 8 q=12 r= 2 0
x=                   0 y= 8 q=13 r= 214
x=                   0 y= 8 q=14 r= 4 0
x=                   0 y= 8 q=15 r= 8 0
x=                   0 y= 9 q= 1 r= 7 0
x=                   0 y= 9 q= 2 r= 315
x=                   0 y= 9 q= 3 r= 215
x=                   0 y= 9 q= 4 r= 113
x=                   0 y= 9 q= 5 r= 114
x=                   0 y= 9 q= 6 r= 115
x=                   0 y= 9 q= 7 r= 1 0
x=                   0 y= 9 q= 8 r= 0 9
x=                   0 y= 9 q= 9 r= 1 0
x=                   0 y= 9 q=10 r= 115
x=                   0 y= 9 q=11 r= 114
x=                   0 y= 9 q=12 r= 113
x=                   0 y= 9 q=13 r= 215
x=                   0 y= 9 q=14 r= 315
x=                   0 y= 9 q=15 r= 7 0
x=                   0 y=10 q= 1 r= 6 0
x=                   0 y=10 q= 2 r= 3 0
x=                   0 y=10 q= 3 r= 2 0
x=                   0 y=10 q= 4 r= 114
x=                   0 y=10 q= 5 r= 115
x=                   0 y=10 q= 6 r= 1 0
x=                   0 y=10 q= 7 r= 010
x=                   0 y=10 q= 8 r= 010
x=                   0 y=10 q= 9 r= 010
x=                   0 y=10 q=10 r= 1 0
x=                   0 y=10 q=11 r= 115
x=                   0 y=10 q=12 r= 114
x=                   0 y=10 q=13 r= 2 0
x=                   0 y=10 q=14 r= 3 0
x=                   0 y=10 q=15 r= 6 0
x=                   0 y=11 q= 1 r= 5 0
x=                   0 y=11 q= 2 r= 215
x=                   0 y=11 q= 3 r= 114
x=                   0 y=11 q= 4 r= 115
x=                   0 y=11 q= 5 r= 1 0
x=                   0 y=11 q= 6 r= 011
x=                   0 y=11 q= 7 r= 011
x=                   0 y=11 q= 8 r= 011
x=                   0 y=11 q= 9 r= 011
x=                   0 y=11 q=10 r= 011
x=                   0 y=11 q=11 r= 1 0
x=                   0 y=11 q=12 r= 115
x=                   0 y=11 q=13 r= 114
x=                   0 y=11 q=14 r= 215
x=                   0 y=11 q=15 r= 5 0
x=                   0 y=12 q= 1 r= 4 0
x=                   0 y=12 q= 2 r= 2 0
x=                   0 y=12 q= 3 r= 115
x=                   0 y=12 q= 4 r= 1 0
x=                   0 y=12 q= 5 r= 012
x=                   0 y=12 q= 6 r= 012
x=                   0 y=12 q= 7 r= 012
x=                   0 y=12 q= 8 r= 012
x=                   0 y=12 q= 9 r= 012
x=                   0 y=12 q=10 r= 012
x=                   0 y=12 q=11 r= 012
x=                   0 y=12 q=12 r= 1 0
x=                   0 y=12 q=13 r= 115
x=                   0 y=12 q=14 r= 2 0
x=                   0 y=12 q=15 r= 4 0
x=                   0 y=13 q= 1 r= 3 0
x=                   0 y=13 q= 2 r= 115
x=                   0 y=13 q= 3 r= 1 0
x=                   0 y=13 q= 4 r= 013
x=                   0 y=13 q= 5 r= 013
x=                   0 y=13 q= 6 r= 013
x=                   0 y=13 q= 7 r= 013
x=                   0 y=13 q= 8 r= 013
x=                   0 y=13 q= 9 r= 013
x=                   0 y=13 q=10 r= 013
x=                   0 y=13 q=11 r= 013
x=                   0 y=13 q=12 r= 013
x=                   0 y=13 q=13 r= 1 0
x=                   0 y=13 q=14 r= 115
x=                   0 y=13 q=15 r= 3 0
x=                   0 y=14 q= 1 r= 2 0
x=                   0 y=14 q= 2 r= 1 0
x=                   0 y=14 q= 3 r= 014
x=                   0 y=14 q= 4 r= 014
x=                   0 y=14 q= 5 r= 014
x=                   0 y=14 q= 6 r= 014
x=                   0 y=14 q= 7 r= 014
x=                   0 y=14 q= 8 r= 014
x=                   0 y=14 q= 9 r= 014
x=                   0 y=14 q=10 r= 014
x=                   0 y=14 q=11 r= 014
x=                   0 y=14 q=12 r= 014
x=                   0 y=14 q=13 r= 014
x=                   0 y=14 q=14 r= 1 0
x=                   0 y=14 q=15 r= 2 0
x=                   0 y=15 q= 1 r= 1 0
x=                   0 y=15 q= 2 r= 015
x=                   0 y=15 q= 3 r= 015
x=                   0 y=15 q= 4 r= 015
x=                   0 y=15 q= 5 r= 015
x=                   0 y=15 q= 6 r= 015
x=                   0 y=15 q= 7 r= 015
x=                   0 y=15 q= 8 r= 015
x=                   0 y=15 q= 9 r= 015
x=                   0 y=15 q=10 r= 015
x=                   0 y=15 q=11 r= 015
x=                   0 y=15 q=12 r= 015
x=                   0 y=15 q=13 r= 015
x=                   0 y=15 q=14 r= 015
$stop called at time : 224 ps : File "C:/Users/Karloz/Desktop/div/div.srcs/sim_1/new/div_tb.v" Line 27
INFO: [USF-XSim-96] XSim completed. Design snapshot 'mul_test_behav' loaded.
INFO: [USF-XSim-97] XSim simulation ran for 1000ns
close_sim
INFO: [Simtcl 6-16] Simulation closed
launch_simulation
INFO: [Vivado 12-5682] Launching behavioral simulation in 'C:/Users/Karloz/Desktop/div/div.sim/sim_1/behav/xsim'
INFO: [SIM-utils-51] Simulation object is 'sim_1'
INFO: [SIM-utils-54] Inspecting design source files for 'mul_test' in fileset 'sim_1'...
INFO: [USF-XSim-97] Finding global include files...
INFO: [USF-XSim-98] Fetching design files from 'sim_1'...
INFO: [USF-XSim-2] XSim::Compile design
INFO: [USF-XSim-61] Executing 'COMPILE and ANALYZE' step in 'C:/Users/Karloz/Desktop/div/div.sim/sim_1/behav/xsim'
"xvlog --incr --relax -prj mul_test_vlog.prj"
INFO: [VRFC 10-2263] Analyzing Verilog file "C:/Users/Karloz/Desktop/div/div.srcs/sources_1/new/div.v" into library xil_defaultlib
INFO: [VRFC 10-311] analyzing module DIVU
INFO: [VRFC 10-311] analyzing module signed_div
INFO: [VRFC 10-2263] Analyzing Verilog file "C:/Users/Karloz/Desktop/div/div.srcs/sim_1/new/div_tb.v" into library xil_defaultlib
INFO: [VRFC 10-311] analyzing module mul_test
INFO: [USF-XSim-69] 'compile' step finished in '1' seconds
INFO: [USF-XSim-3] XSim::Elaborate design
INFO: [USF-XSim-61] Executing 'ELABORATE' step in 'C:/Users/Karloz/Desktop/div/div.sim/sim_1/behav/xsim'
"xelab -wto 9c633eb4fdf9427482850930bd30d9c6 --incr --debug typical --relax --mt 2 -L xil_defaultlib -L unisims_ver -L unimacro_ver -L secureip --snapshot mul_test_behav xil_defaultlib.mul_test xil_defaultlib.glbl -log elaborate.log"
Vivado Simulator 2019.1
Copyright 1986-1999, 2001-2019 Xilinx, Inc. All Rights Reserved.
Running: D:/Software/Vivado/Vivado/2019.1/bin/unwrapped/win64.o/xelab.exe -wto 9c633eb4fdf9427482850930bd30d9c6 --incr --debug typical --relax --mt 2 -L xil_defaultlib -L unisims_ver -L unimacro_ver -L secureip --snapshot mul_test_behav xil_defaultlib.mul_test xil_defaultlib.glbl -log elaborate.log 
Using 2 slave threads.
Starting static elaboration
Completed static elaboration
Starting simulation data flow analysis
WARNING: [XSIM 43-4099] "C:/Users/Karloz/Desktop/div/div.srcs/sources_1/new/div.v" Line 40. Module signed_div doesn't have a timescale but at least one module in design has a timescale.
Completed simulation data flow analysis
Time Resolution for simulation is 1ps
Compiling module xil_defaultlib.signed_div
Compiling module xil_defaultlib.mul_test
Compiling module xil_defaultlib.glbl
Built simulation snapshot mul_test_behav
INFO: [USF-XSim-69] 'elaborate' step finished in '1' seconds
INFO: [USF-XSim-4] XSim::Simulate design
INFO: [USF-XSim-61] Executing 'SIMULATE' step in 'C:/Users/Karloz/Desktop/div/div.sim/sim_1/behav/xsim'
INFO: [USF-XSim-98] *** Running xsim
   with args "mul_test_behav -key {Behavioral:sim_1:Functional:mul_test} -tclbatch {mul_test.tcl} -log {simulate.log}"
INFO: [USF-XSim-8] Loading simulator feature
Vivado Simulator 2019.1
Time resolution is 1 ps
source mul_test.tcl
# set curr_wave [current_wave_config]
# if { [string length $curr_wave] == 0 } {
#   if { [llength [get_objects]] > 0} {
#     add_wave /
#     set_property needs_save false [current_wave_config]
#   } else {
#      send_msg_id Add_Wave-1 WARNING "No top level signals found. Simulator will start without a wave window. If you want to open a wave window go to 'File->New Waveform Configuration' or type 'create_wave_config' in the TCL console."
#   }
# }
# run 1000ns
x=                   0 y= 1 q= 2 r= 0 1
x=                   0 y= 1 q= 3 r= 0 1
x=                   0 y= 1 q= 4 r= 0 1
x=                   0 y= 1 q= 5 r= 0 1
x=                   0 y= 1 q= 6 r= 0 1
x=                   0 y= 1 q= 7 r= 0 1
x=                   0 y= 1 q= 8 r= 0 1
x=                   0 y= 1 q= 9 r= 0 1
x=                   0 y= 1 q=10 r= 0 1
x=                   0 y= 1 q=11 r= 0 1
x=                   0 y= 1 q=12 r= 0 1
x=                   0 y= 1 q=13 r= 0 1
x=                   0 y= 1 q=14 r= 0 1
x=                   0 y= 1 q=15 r=15 0
x=                   0 y= 2 q= 1 r=14 0
x=                   0 y= 2 q= 2 r=15 0
x=                   0 y= 2 q= 3 r= 0 2
x=                   0 y= 2 q= 4 r= 0 2
x=                   0 y= 2 q= 5 r= 0 2
x=                   0 y= 2 q= 6 r= 0 2
x=                   0 y= 2 q= 7 r= 0 2
x=                   0 y= 2 q= 8 r= 0 2
x=                   0 y= 2 q= 9 r= 0 2
x=                   0 y= 2 q=10 r= 0 2
x=                   0 y= 2 q=11 r= 0 2
x=                   0 y= 2 q=12 r= 0 2
x=                   0 y= 2 q=13 r= 0 2
x=                   0 y= 2 q=14 r=15 0
x=                   0 y= 2 q=15 r=14 0
x=                   0 y= 3 q= 1 r=13 0
x=                   0 y= 3 q= 2 r=15 1
x=                   0 y= 3 q= 3 r=15 0
x=                   0 y= 3 q= 4 r= 0 3
x=                   0 y= 3 q= 5 r= 0 3
x=                   0 y= 3 q= 6 r= 0 3
x=                   0 y= 3 q= 7 r= 0 3
x=                   0 y= 3 q= 8 r= 0 3
x=                   0 y= 3 q= 9 r= 0 3
x=                   0 y= 3 q=10 r= 0 3
x=                   0 y= 3 q=11 r= 0 3
x=                   0 y= 3 q=12 r= 0 3
x=                   0 y= 3 q=13 r=15 0
x=                   0 y= 3 q=14 r=15 1
x=                   0 y= 3 q=15 r=13 0
x=                   0 y= 4 q= 1 r=12 0
x=                   0 y= 4 q= 2 r=14 0
x=                   0 y= 4 q= 3 r=15 1
x=                   0 y= 4 q= 4 r=15 0
x=                   0 y= 4 q= 5 r= 0 4
x=                   0 y= 4 q= 6 r= 0 4
x=                   0 y= 4 q= 7 r= 0 4
x=                   0 y= 4 q= 8 r= 0 4
x=                   0 y= 4 q= 9 r= 0 4
x=                   0 y= 4 q=10 r= 0 4
x=                   0 y= 4 q=11 r= 0 4
x=                   0 y= 4 q=12 r=15 0
x=                   0 y= 4 q=13 r=15 1
x=                   0 y= 4 q=14 r=14 0
x=                   0 y= 4 q=15 r=12 0
x=                   0 y= 5 q= 1 r=11 0
x=                   0 y= 5 q= 2 r=14 1
x=                   0 y= 5 q= 3 r=15 2
x=                   0 y= 5 q= 4 r=15 1
x=                   0 y= 5 q= 5 r=15 0
x=                   0 y= 5 q= 6 r= 0 5
x=                   0 y= 5 q= 7 r= 0 5
x=                   0 y= 5 q= 8 r= 0 5
x=                   0 y= 5 q= 9 r= 0 5
x=                   0 y= 5 q=10 r= 0 5
x=                   0 y= 5 q=11 r=15 0
x=                   0 y= 5 q=12 r=15 1
x=                   0 y= 5 q=13 r=15 2
x=                   0 y= 5 q=14 r=14 1
x=                   0 y= 5 q=15 r=11 0
x=                   0 y= 6 q= 1 r=10 0
x=                   0 y= 6 q= 2 r=13 0
x=                   0 y= 6 q= 3 r=14 0
x=                   0 y= 6 q= 4 r=15 2
x=                   0 y= 6 q= 5 r=15 1
x=                   0 y= 6 q= 6 r=15 0
x=                   0 y= 6 q= 7 r= 0 6
x=                   0 y= 6 q= 8 r= 0 6
x=                   0 y= 6 q= 9 r= 0 6
x=                   0 y= 6 q=10 r=15 0
x=                   0 y= 6 q=11 r=15 1
x=                   0 y= 6 q=12 r=15 2
x=                   0 y= 6 q=13 r=14 0
x=                   0 y= 6 q=14 r=13 0
x=                   0 y= 6 q=15 r=10 0
x=                   0 y= 7 q= 1 r= 9 0
x=                   0 y= 7 q= 2 r=13 1
x=                   0 y= 7 q= 3 r=14 1
x=                   0 y= 7 q= 4 r=15 3
x=                   0 y= 7 q= 5 r=15 2
x=                   0 y= 7 q= 6 r=15 1
x=                   0 y= 7 q= 7 r=15 0
x=                   0 y= 7 q= 8 r= 0 7
x=                   0 y= 7 q= 9 r=15 0
x=                   0 y= 7 q=10 r=15 1
x=                   0 y= 7 q=11 r=15 2
x=                   0 y= 7 q=12 r=15 3
x=                   0 y= 7 q=13 r=14 1
x=                   0 y= 7 q=14 r=13 1
x=                   0 y= 7 q=15 r= 9 0
x=                   0 y= 8 q= 1 r= 8 0
x=                   0 y= 8 q= 2 r= 4 0
x=                   0 y= 8 q= 3 r= 214
x=                   0 y= 8 q= 4 r= 2 0
x=                   0 y= 8 q= 5 r= 113
x=                   0 y= 8 q= 6 r= 114
x=                   0 y= 8 q= 7 r= 115
x=                   0 y= 8 q= 8 r= 1 0
x=                   0 y= 8 q= 9 r= 115
x=                   0 y= 8 q=10 r= 114
x=                   0 y= 8 q=11 r= 113
x=                   0 y= 8 q=12 r= 2 0
x=                   0 y= 8 q=13 r= 214
x=                   0 y= 8 q=14 r= 4 0
x=                   0 y= 8 q=15 r= 8 0
x=                   0 y= 9 q= 1 r= 7 0
x=                   0 y= 9 q= 2 r= 315
x=                   0 y= 9 q= 3 r= 215
x=                   0 y= 9 q= 4 r= 113
x=                   0 y= 9 q= 5 r= 114
x=                   0 y= 9 q= 6 r= 115
x=                   0 y= 9 q= 7 r= 1 0
x=                   0 y= 9 q= 8 r= 0 9
x=                   0 y= 9 q= 9 r= 1 0
x=                   0 y= 9 q=10 r= 115
x=                   0 y= 9 q=11 r= 114
x=                   0 y= 9 q=12 r= 113
x=                   0 y= 9 q=13 r= 215
x=                   0 y= 9 q=14 r= 315
x=                   0 y= 9 q=15 r= 7 0
x=                   0 y=10 q= 1 r= 6 0
x=                   0 y=10 q= 2 r= 3 0
x=                   0 y=10 q= 3 r= 2 0
x=                   0 y=10 q= 4 r= 114
x=                   0 y=10 q= 5 r= 115
x=                   0 y=10 q= 6 r= 1 0
x=                   0 y=10 q= 7 r= 010
x=                   0 y=10 q= 8 r= 010
x=                   0 y=10 q= 9 r= 010
x=                   0 y=10 q=10 r= 1 0
x=                   0 y=10 q=11 r= 115
x=                   0 y=10 q=12 r= 114
x=                   0 y=10 q=13 r= 2 0
x=                   0 y=10 q=14 r= 3 0
x=                   0 y=10 q=15 r= 6 0
x=                   0 y=11 q= 1 r= 5 0
x=                   0 y=11 q= 2 r= 215
x=                   0 y=11 q= 3 r= 114
x=                   0 y=11 q= 4 r= 115
x=                   0 y=11 q= 5 r= 1 0
x=                   0 y=11 q= 6 r= 011
x=                   0 y=11 q= 7 r= 011
x=                   0 y=11 q= 8 r= 011
x=                   0 y=11 q= 9 r= 011
x=                   0 y=11 q=10 r= 011
x=                   0 y=11 q=11 r= 1 0
x=                   0 y=11 q=12 r= 115
x=                   0 y=11 q=13 r= 114
x=                   0 y=11 q=14 r= 215
x=                   0 y=11 q=15 r= 5 0
x=                   0 y=12 q= 1 r= 4 0
x=                   0 y=12 q= 2 r= 2 0
x=                   0 y=12 q= 3 r= 115
x=                   0 y=12 q= 4 r= 1 0
x=                   0 y=12 q= 5 r= 012
x=                   0 y=12 q= 6 r= 012
x=                   0 y=12 q= 7 r= 012
x=                   0 y=12 q= 8 r= 012
x=                   0 y=12 q= 9 r= 012
x=                   0 y=12 q=10 r= 012
x=                   0 y=12 q=11 r= 012
x=                   0 y=12 q=12 r= 1 0
x=                   0 y=12 q=13 r= 115
x=                   0 y=12 q=14 r= 2 0
x=                   0 y=12 q=15 r= 4 0
x=                   0 y=13 q= 1 r= 3 0
x=                   0 y=13 q= 2 r= 115
x=                   0 y=13 q= 3 r= 1 0
x=                   0 y=13 q= 4 r= 013
x=                   0 y=13 q= 5 r= 013
x=                   0 y=13 q= 6 r= 013
x=                   0 y=13 q= 7 r= 013
x=                   0 y=13 q= 8 r= 013
x=                   0 y=13 q= 9 r= 013
x=                   0 y=13 q=10 r= 013
x=                   0 y=13 q=11 r= 013
x=                   0 y=13 q=12 r= 013
x=                   0 y=13 q=13 r= 1 0
x=                   0 y=13 q=14 r= 115
x=                   0 y=13 q=15 r= 3 0
x=                   0 y=14 q= 1 r= 2 0
x=                   0 y=14 q= 2 r= 1 0
x=                   0 y=14 q= 3 r= 014
x=                   0 y=14 q= 4 r= 014
x=                   0 y=14 q= 5 r= 014
x=                   0 y=14 q= 6 r= 014
x=                   0 y=14 q= 7 r= 014
x=                   0 y=14 q= 8 r= 014
x=                   0 y=14 q= 9 r= 014
x=                   0 y=14 q=10 r= 014
x=                   0 y=14 q=11 r= 014
x=                   0 y=14 q=12 r= 014
x=                   0 y=14 q=13 r= 014
x=                   0 y=14 q=14 r= 1 0
x=                   0 y=14 q=15 r= 2 0
x=                   0 y=15 q= 1 r= 1 0
x=                   0 y=15 q= 2 r= 015
x=                   0 y=15 q= 3 r= 015
x=                   0 y=15 q= 4 r= 015
x=                   0 y=15 q= 5 r= 015
x=                   0 y=15 q= 6 r= 015
x=                   0 y=15 q= 7 r= 015
x=                   0 y=15 q= 8 r= 015
x=                   0 y=15 q= 9 r= 015
x=                   0 y=15 q=10 r= 015
x=                   0 y=15 q=11 r= 015
x=                   0 y=15 q=12 r= 015
x=                   0 y=15 q=13 r= 015
x=                   0 y=15 q=14 r= 015
$stop called at time : 224 ps : File "C:/Users/Karloz/Desktop/div/div.srcs/sim_1/new/div_tb.v" Line 27
INFO: [USF-XSim-96] XSim completed. Design snapshot 'mul_test_behav' loaded.
INFO: [USF-XSim-97] XSim simulation ran for 1000ns
close_sim
INFO: [Simtcl 6-16] Simulation closed
launch_simulation
INFO: [Vivado 12-5682] Launching behavioral simulation in 'C:/Users/Karloz/Desktop/div/div.sim/sim_1/behav/xsim'
INFO: [SIM-utils-51] Simulation object is 'sim_1'
INFO: [SIM-utils-54] Inspecting design source files for 'mul_test' in fileset 'sim_1'...
INFO: [USF-XSim-97] Finding global include files...
INFO: [USF-XSim-98] Fetching design files from 'sim_1'...
INFO: [USF-XSim-2] XSim::Compile design
INFO: [USF-XSim-61] Executing 'COMPILE and ANALYZE' step in 'C:/Users/Karloz/Desktop/div/div.sim/sim_1/behav/xsim'
"xvlog --incr --relax -prj mul_test_vlog.prj"
INFO: [VRFC 10-2263] Analyzing Verilog file "C:/Users/Karloz/Desktop/div/div.srcs/sources_1/new/div.v" into library xil_defaultlib
INFO: [VRFC 10-311] analyzing module DIVU
INFO: [VRFC 10-311] analyzing module signed_div
INFO: [VRFC 10-2263] Analyzing Verilog file "C:/Users/Karloz/Desktop/div/div.srcs/sim_1/new/div_tb.v" into library xil_defaultlib
INFO: [VRFC 10-311] analyzing module mul_test
INFO: [USF-XSim-69] 'compile' step finished in '1' seconds
INFO: [USF-XSim-3] XSim::Elaborate design
INFO: [USF-XSim-61] Executing 'ELABORATE' step in 'C:/Users/Karloz/Desktop/div/div.sim/sim_1/behav/xsim'
"xelab -wto 9c633eb4fdf9427482850930bd30d9c6 --incr --debug typical --relax --mt 2 -L xil_defaultlib -L unisims_ver -L unimacro_ver -L secureip --snapshot mul_test_behav xil_defaultlib.mul_test xil_defaultlib.glbl -log elaborate.log"
Vivado Simulator 2019.1
Copyright 1986-1999, 2001-2019 Xilinx, Inc. All Rights Reserved.
Running: D:/Software/Vivado/Vivado/2019.1/bin/unwrapped/win64.o/xelab.exe -wto 9c633eb4fdf9427482850930bd30d9c6 --incr --debug typical --relax --mt 2 -L xil_defaultlib -L unisims_ver -L unimacro_ver -L secureip --snapshot mul_test_behav xil_defaultlib.mul_test xil_defaultlib.glbl -log elaborate.log 
Using 2 slave threads.
Starting static elaboration
Completed static elaboration
Starting simulation data flow analysis
WARNING: [XSIM 43-4099] "C:/Users/Karloz/Desktop/div/div.srcs/sources_1/new/div.v" Line 40. Module signed_div doesn't have a timescale but at least one module in design has a timescale.
Completed simulation data flow analysis
Time Resolution for simulation is 1ps
Compiling module xil_defaultlib.signed_div
Compiling module xil_defaultlib.mul_test
Compiling module xil_defaultlib.glbl
Built simulation snapshot mul_test_behav
INFO: [USF-XSim-69] 'elaborate' step finished in '1' seconds
INFO: [USF-XSim-4] XSim::Simulate design
INFO: [USF-XSim-61] Executing 'SIMULATE' step in 'C:/Users/Karloz/Desktop/div/div.sim/sim_1/behav/xsim'
INFO: [USF-XSim-98] *** Running xsim
   with args "mul_test_behav -key {Behavioral:sim_1:Functional:mul_test} -tclbatch {mul_test.tcl} -log {simulate.log}"
INFO: [USF-XSim-8] Loading simulator feature
Vivado Simulator 2019.1
Time resolution is 1 ps
source mul_test.tcl
# set curr_wave [current_wave_config]
# if { [string length $curr_wave] == 0 } {
#   if { [llength [get_objects]] > 0} {
#     add_wave /
#     set_property needs_save false [current_wave_config]
#   } else {
#      send_msg_id Add_Wave-1 WARNING "No top level signals found. Simulator will start without a wave window. If you want to open a wave window go to 'File->New Waveform Configuration' or type 'create_wave_config' in the TCL console."
#   }
# }
# run 1000ns
x=                   0 y= 1 q= 2 r= 0 1
x=                   0 y= 1 q= 3 r= 0 1
x=                   0 y= 1 q= 4 r= 0 1
x=                   0 y= 1 q= 5 r= 0 1
x=                   0 y= 1 q= 6 r= 0 1
x=                   0 y= 1 q= 7 r= 0 1
x=                   0 y= 1 q= 8 r= 0 1
x=                   0 y= 1 q= 9 r= 0 1
x=                   0 y= 1 q=10 r= 0 1
x=                   0 y= 1 q=11 r= 0 1
x=                   0 y= 1 q=12 r= 0 1
x=                   0 y= 1 q=13 r= 0 1
x=                   0 y= 1 q=14 r= 0 1
x=                   0 y= 1 q=15 r= 0 1
x=                   0 y= 2 q= 1 r= 2 0
x=                   0 y= 2 q= 2 r= 1 0
x=                   0 y= 2 q= 3 r= 0 2
x=                   0 y= 2 q= 4 r= 0 2
x=                   0 y= 2 q= 5 r= 0 2
x=                   0 y= 2 q= 6 r= 0 2
x=                   0 y= 2 q= 7 r= 0 2
x=                   0 y= 2 q= 8 r= 0 2
x=                   0 y= 2 q= 9 r= 0 2
x=                   0 y= 2 q=10 r= 0 2
x=                   0 y= 2 q=11 r= 0 2
x=                   0 y= 2 q=12 r= 0 2
x=                   0 y= 2 q=13 r= 0 2
x=                   0 y= 2 q=14 r= 0 2
x=                   0 y= 2 q=15 r= 0 2
x=                   0 y= 3 q= 1 r= 3 0
x=                   0 y= 3 q= 2 r= 1 1
x=                   0 y= 3 q= 3 r= 1 0
x=                   0 y= 3 q= 4 r= 0 3
x=                   0 y= 3 q= 5 r= 0 3
x=                   0 y= 3 q= 6 r= 0 3
x=                   0 y= 3 q= 7 r= 0 3
x=                   0 y= 3 q= 8 r= 0 3
x=                   0 y= 3 q= 9 r= 0 3
x=                   0 y= 3 q=10 r= 0 3
x=                   0 y= 3 q=11 r= 0 3
x=                   0 y= 3 q=12 r= 0 3
x=                   0 y= 3 q=13 r= 0 3
x=                   0 y= 3 q=14 r= 0 3
x=                   0 y= 3 q=15 r= 0 3
x=                   0 y= 4 q= 1 r= 4 0
x=                   0 y= 4 q= 2 r= 2 0
x=                   0 y= 4 q= 3 r= 1 1
x=                   0 y= 4 q= 4 r= 1 0
x=                   0 y= 4 q= 5 r= 0 4
x=                   0 y= 4 q= 6 r= 0 4
x=                   0 y= 4 q= 7 r= 0 4
x=                   0 y= 4 q= 8 r= 0 4
x=                   0 y= 4 q= 9 r= 0 4
x=                   0 y= 4 q=10 r= 0 4
x=                   0 y= 4 q=11 r= 0 4
x=                   0 y= 4 q=12 r= 0 4
x=                   0 y= 4 q=13 r= 0 4
x=                   0 y= 4 q=14 r= 0 4
x=                   0 y= 4 q=15 r= 0 4
x=                   0 y= 5 q= 1 r= 5 0
x=                   0 y= 5 q= 2 r= 2 1
x=                   0 y= 5 q= 3 r= 1 2
x=                   0 y= 5 q= 4 r= 1 1
x=                   0 y= 5 q= 5 r= 1 0
x=                   0 y= 5 q= 6 r= 0 5
x=                   0 y= 5 q= 7 r= 0 5
x=                   0 y= 5 q= 8 r= 0 5
x=                   0 y= 5 q= 9 r= 0 5
x=                   0 y= 5 q=10 r= 0 5
x=                   0 y= 5 q=11 r= 0 5
x=                   0 y= 5 q=12 r= 0 5
x=                   0 y= 5 q=13 r= 0 5
x=                   0 y= 5 q=14 r= 0 5
x=                   0 y= 5 q=15 r= 0 5
x=                   0 y= 6 q= 1 r= 6 0
x=                   0 y= 6 q= 2 r= 3 0
x=                   0 y= 6 q= 3 r= 2 0
x=                   0 y= 6 q= 4 r= 1 2
x=                   0 y= 6 q= 5 r= 1 1
x=                   0 y= 6 q= 6 r= 1 0
x=                   0 y= 6 q= 7 r= 0 6
x=                   0 y= 6 q= 8 r= 0 6
x=                   0 y= 6 q= 9 r= 0 6
x=                   0 y= 6 q=10 r= 0 6
x=                   0 y= 6 q=11 r= 0 6
x=                   0 y= 6 q=12 r= 0 6
x=                   0 y= 6 q=13 r= 0 6
x=                   0 y= 6 q=14 r= 0 6
x=                   0 y= 6 q=15 r= 0 6
x=                   0 y= 7 q= 1 r= 7 0
x=                   0 y= 7 q= 2 r= 3 1
x=                   0 y= 7 q= 3 r= 2 1
x=                   0 y= 7 q= 4 r= 1 3
x=                   0 y= 7 q= 5 r= 1 2
x=                   0 y= 7 q= 6 r= 1 1
x=                   0 y= 7 q= 7 r= 1 0
x=                   0 y= 7 q= 8 r= 0 7
x=                   0 y= 7 q= 9 r= 0 7
x=                   0 y= 7 q=10 r= 0 7
x=                   0 y= 7 q=11 r= 0 7
x=                   0 y= 7 q=12 r= 0 7
x=                   0 y= 7 q=13 r= 0 7
x=                   0 y= 7 q=14 r= 0 7
x=                   0 y= 7 q=15 r= 0 7
x=                   0 y= 8 q= 1 r= 0 8
x=                   0 y= 8 q= 2 r= 0 8
x=                   0 y= 8 q= 3 r= 0 8
x=                   0 y= 8 q= 4 r= 0 8
x=                   0 y= 8 q= 5 r= 0 8
x=                   0 y= 8 q= 6 r= 0 8
x=                   0 y= 8 q= 7 r= 0 8
x=                   0 y= 8 q= 8 r= 1 0
x=                   0 y= 8 q= 9 r= 115
x=                   0 y= 8 q=10 r= 114
x=                   0 y= 8 q=11 r= 113
x=                   0 y= 8 q=12 r= 2 0
x=                   0 y= 8 q=13 r= 214
x=                   0 y= 8 q=14 r= 4 0
x=                   0 y= 8 q=15 r= 8 0
x=                   0 y= 9 q= 1 r= 0 9
x=                   0 y= 9 q= 2 r= 0 9
x=                   0 y= 9 q= 3 r= 0 9
x=                   0 y= 9 q= 4 r= 0 9
x=                   0 y= 9 q= 5 r= 0 9
x=                   0 y= 9 q= 6 r= 0 9
x=                   0 y= 9 q= 7 r= 0 9
x=                   0 y= 9 q= 8 r= 0 9
x=                   0 y= 9 q= 9 r= 1 0
x=                   0 y= 9 q=10 r= 115
x=                   0 y= 9 q=11 r= 114
x=                   0 y= 9 q=12 r= 113
x=                   0 y= 9 q=13 r= 215
x=                   0 y= 9 q=14 r= 315
x=                   0 y= 9 q=15 r= 7 0
x=                   0 y=10 q= 1 r= 010
x=                   0 y=10 q= 2 r= 010
x=                   0 y=10 q= 3 r= 010
x=                   0 y=10 q= 4 r= 010
x=                   0 y=10 q= 5 r= 010
x=                   0 y=10 q= 6 r= 010
x=                   0 y=10 q= 7 r= 010
x=                   0 y=10 q= 8 r= 010
x=                   0 y=10 q= 9 r= 010
x=                   0 y=10 q=10 r= 1 0
x=                   0 y=10 q=11 r= 115
x=                   0 y=10 q=12 r= 114
x=                   0 y=10 q=13 r= 2 0
x=                   0 y=10 q=14 r= 3 0
x=                   0 y=10 q=15 r= 6 0
x=                   0 y=11 q= 1 r= 011
x=                   0 y=11 q= 2 r= 011
x=                   0 y=11 q= 3 r= 011
x=                   0 y=11 q= 4 r= 011
x=                   0 y=11 q= 5 r= 011
x=                   0 y=11 q= 6 r= 011
x=                   0 y=11 q= 7 r= 011
x=                   0 y=11 q= 8 r= 011
x=                   0 y=11 q= 9 r= 011
x=                   0 y=11 q=10 r= 011
x=                   0 y=11 q=11 r= 1 0
x=                   0 y=11 q=12 r= 115
x=                   0 y=11 q=13 r= 114
x=                   0 y=11 q=14 r= 215
x=                   0 y=11 q=15 r= 5 0
x=                   0 y=12 q= 1 r= 012
x=                   0 y=12 q= 2 r= 012
x=                   0 y=12 q= 3 r= 012
x=                   0 y=12 q= 4 r= 012
x=                   0 y=12 q= 5 r= 012
x=                   0 y=12 q= 6 r= 012
x=                   0 y=12 q= 7 r= 012
x=                   0 y=12 q= 8 r= 012
x=                   0 y=12 q= 9 r= 012
x=                   0 y=12 q=10 r= 012
x=                   0 y=12 q=11 r= 012
x=                   0 y=12 q=12 r= 1 0
x=                   0 y=12 q=13 r= 115
x=                   0 y=12 q=14 r= 2 0
x=                   0 y=12 q=15 r= 4 0
x=                   0 y=13 q= 1 r= 013
x=                   0 y=13 q= 2 r= 013
x=                   0 y=13 q= 3 r= 013
x=                   0 y=13 q= 4 r= 013
x=                   0 y=13 q= 5 r= 013
x=                   0 y=13 q= 6 r= 013
x=                   0 y=13 q= 7 r= 013
x=                   0 y=13 q= 8 r= 013
x=                   0 y=13 q= 9 r= 013
x=                   0 y=13 q=10 r= 013
x=                   0 y=13 q=11 r= 013
x=                   0 y=13 q=12 r= 013
x=                   0 y=13 q=13 r= 1 0
x=                   0 y=13 q=14 r= 115
x=                   0 y=13 q=15 r= 3 0
x=                   0 y=14 q= 1 r= 014
x=                   0 y=14 q= 2 r= 014
x=                   0 y=14 q= 3 r= 014
x=                   0 y=14 q= 4 r= 014
x=                   0 y=14 q= 5 r= 014
x=                   0 y=14 q= 6 r= 014
x=                   0 y=14 q= 7 r= 014
x=                   0 y=14 q= 8 r= 014
x=                   0 y=14 q= 9 r= 014
x=                   0 y=14 q=10 r= 014
x=                   0 y=14 q=11 r= 014
x=                   0 y=14 q=12 r= 014
x=                   0 y=14 q=13 r= 014
x=                   0 y=14 q=14 r= 1 0
x=                   0 y=14 q=15 r= 2 0
x=                   0 y=15 q= 1 r= 015
x=                   0 y=15 q= 2 r= 015
x=                   0 y=15 q= 3 r= 015
x=                   0 y=15 q= 4 r= 015
x=                   0 y=15 q= 5 r= 015
x=                   0 y=15 q= 6 r= 015
x=                   0 y=15 q= 7 r= 015
x=                   0 y=15 q= 8 r= 015
x=                   0 y=15 q= 9 r= 015
x=                   0 y=15 q=10 r= 015
x=                   0 y=15 q=11 r= 015
x=                   0 y=15 q=12 r= 015
x=                   0 y=15 q=13 r= 015
x=                   0 y=15 q=14 r= 015
$stop called at time : 224 ps : File "C:/Users/Karloz/Desktop/div/div.srcs/sim_1/new/div_tb.v" Line 27
INFO: [USF-XSim-96] XSim completed. Design snapshot 'mul_test_behav' loaded.
INFO: [USF-XSim-97] XSim simulation ran for 1000ns
close_sim
INFO: [Simtcl 6-16] Simulation closed
launch_simulation
INFO: [Vivado 12-5682] Launching behavioral simulation in 'C:/Users/Karloz/Desktop/div/div.sim/sim_1/behav/xsim'
INFO: [SIM-utils-51] Simulation object is 'sim_1'
INFO: [SIM-utils-54] Inspecting design source files for 'mul_test' in fileset 'sim_1'...
INFO: [USF-XSim-97] Finding global include files...
INFO: [USF-XSim-98] Fetching design files from 'sim_1'...
INFO: [USF-XSim-2] XSim::Compile design
INFO: [USF-XSim-61] Executing 'COMPILE and ANALYZE' step in 'C:/Users/Karloz/Desktop/div/div.sim/sim_1/behav/xsim'
"xvlog --incr --relax -prj mul_test_vlog.prj"
INFO: [VRFC 10-2263] Analyzing Verilog file "C:/Users/Karloz/Desktop/div/div.srcs/sources_1/new/div.v" into library xil_defaultlib
INFO: [VRFC 10-311] analyzing module DIVU
INFO: [VRFC 10-311] analyzing module signed_div
INFO: [VRFC 10-2263] Analyzing Verilog file "C:/Users/Karloz/Desktop/div/div.srcs/sim_1/new/div_tb.v" into library xil_defaultlib
INFO: [VRFC 10-311] analyzing module mul_test
INFO: [USF-XSim-69] 'compile' step finished in '1' seconds
INFO: [USF-XSim-3] XSim::Elaborate design
INFO: [USF-XSim-61] Executing 'ELABORATE' step in 'C:/Users/Karloz/Desktop/div/div.sim/sim_1/behav/xsim'
"xelab -wto 9c633eb4fdf9427482850930bd30d9c6 --incr --debug typical --relax --mt 2 -L xil_defaultlib -L unisims_ver -L unimacro_ver -L secureip --snapshot mul_test_behav xil_defaultlib.mul_test xil_defaultlib.glbl -log elaborate.log"
Vivado Simulator 2019.1
Copyright 1986-1999, 2001-2019 Xilinx, Inc. All Rights Reserved.
Running: D:/Software/Vivado/Vivado/2019.1/bin/unwrapped/win64.o/xelab.exe -wto 9c633eb4fdf9427482850930bd30d9c6 --incr --debug typical --relax --mt 2 -L xil_defaultlib -L unisims_ver -L unimacro_ver -L secureip --snapshot mul_test_behav xil_defaultlib.mul_test xil_defaultlib.glbl -log elaborate.log 
Using 2 slave threads.
Starting static elaboration
Completed static elaboration
Starting simulation data flow analysis
WARNING: [XSIM 43-4099] "C:/Users/Karloz/Desktop/div/div.srcs/sources_1/new/div.v" Line 40. Module signed_div doesn't have a timescale but at least one module in design has a timescale.
Completed simulation data flow analysis
Time Resolution for simulation is 1ps
Compiling module xil_defaultlib.signed_div
Compiling module xil_defaultlib.mul_test
Compiling module xil_defaultlib.glbl
Built simulation snapshot mul_test_behav
INFO: [USF-XSim-69] 'elaborate' step finished in '1' seconds
INFO: [USF-XSim-4] XSim::Simulate design
INFO: [USF-XSim-61] Executing 'SIMULATE' step in 'C:/Users/Karloz/Desktop/div/div.sim/sim_1/behav/xsim'
INFO: [USF-XSim-98] *** Running xsim
   with args "mul_test_behav -key {Behavioral:sim_1:Functional:mul_test} -tclbatch {mul_test.tcl} -log {simulate.log}"
INFO: [USF-XSim-8] Loading simulator feature
Vivado Simulator 2019.1
Time resolution is 1 ps
source mul_test.tcl
# set curr_wave [current_wave_config]
# if { [string length $curr_wave] == 0 } {
#   if { [llength [get_objects]] > 0} {
#     add_wave /
#     set_property needs_save false [current_wave_config]
#   } else {
#      send_msg_id Add_Wave-1 WARNING "No top level signals found. Simulator will start without a wave window. If you want to open a wave window go to 'File->New Waveform Configuration' or type 'create_wave_config' in the TCL console."
#   }
# }
# run 1000ns
x=                   0 y= 1 q= 2 r= 0 1
x=                   0 y= 1 q= 3 r= 0 1
x=                   0 y= 1 q= 4 r= 0 1
x=                   0 y= 1 q= 5 r= 0 1
x=                   0 y= 1 q= 6 r= 0 1
x=                   0 y= 1 q= 7 r= 0 1
x=                   0 y= 1 q= 8 r= 0 1
x=                   0 y= 1 q= 9 r= 0 1
x=                   0 y= 1 q=10 r= 0 1
x=                   0 y= 1 q=11 r= 0 1
x=                   0 y= 1 q=12 r= 0 1
x=                   0 y= 1 q=13 r= 0 1
x=                   0 y= 1 q=14 r= 0 1
x=                   0 y= 1 q=15 r= 1 0
x=                   0 y= 2 q= 1 r= 2 0
x=                   0 y= 2 q= 2 r= 1 0
x=                   0 y= 2 q= 3 r= 0 2
x=                   0 y= 2 q= 4 r= 0 2
x=                   0 y= 2 q= 5 r= 0 2
x=                   0 y= 2 q= 6 r= 0 2
x=                   0 y= 2 q= 7 r= 0 2
x=                   0 y= 2 q= 8 r= 0 2
x=                   0 y= 2 q= 9 r= 0 2
x=                   0 y= 2 q=10 r= 0 2
x=                   0 y= 2 q=11 r= 0 2
x=                   0 y= 2 q=12 r= 0 2
x=                   0 y= 2 q=13 r= 0 2
x=                   0 y= 2 q=14 r= 1 0
x=                   0 y= 2 q=15 r= 2 0
x=                   0 y= 3 q= 1 r= 3 0
x=                   0 y= 3 q= 2 r= 1 1
x=                   0 y= 3 q= 3 r= 1 0
x=                   0 y= 3 q= 4 r= 0 3
x=                   0 y= 3 q= 5 r= 0 3
x=                   0 y= 3 q= 6 r= 0 3
x=                   0 y= 3 q= 7 r= 0 3
x=                   0 y= 3 q= 8 r= 0 3
x=                   0 y= 3 q= 9 r= 0 3
x=                   0 y= 3 q=10 r= 0 3
x=                   0 y= 3 q=11 r= 0 3
x=                   0 y= 3 q=12 r= 0 3
x=                   0 y= 3 q=13 r= 1 0
x=                   0 y= 3 q=14 r= 1 1
x=                   0 y= 3 q=15 r= 3 0
x=                   0 y= 4 q= 1 r= 4 0
x=                   0 y= 4 q= 2 r= 2 0
x=                   0 y= 4 q= 3 r= 1 1
x=                   0 y= 4 q= 4 r= 1 0
x=                   0 y= 4 q= 5 r= 0 4
x=                   0 y= 4 q= 6 r= 0 4
x=                   0 y= 4 q= 7 r= 0 4
x=                   0 y= 4 q= 8 r= 0 4
x=                   0 y= 4 q= 9 r= 0 4
x=                   0 y= 4 q=10 r= 0 4
x=                   0 y= 4 q=11 r= 0 4
x=                   0 y= 4 q=12 r= 1 0
x=                   0 y= 4 q=13 r= 1 1
x=                   0 y= 4 q=14 r= 2 0
x=                   0 y= 4 q=15 r= 4 0
x=                   0 y= 5 q= 1 r= 5 0
x=                   0 y= 5 q= 2 r= 2 1
x=                   0 y= 5 q= 3 r= 1 2
x=                   0 y= 5 q= 4 r= 1 1
x=                   0 y= 5 q= 5 r= 1 0
x=                   0 y= 5 q= 6 r= 0 5
x=                   0 y= 5 q= 7 r= 0 5
x=                   0 y= 5 q= 8 r= 0 5
x=                   0 y= 5 q= 9 r= 0 5
x=                   0 y= 5 q=10 r= 0 5
x=                   0 y= 5 q=11 r= 1 0
x=                   0 y= 5 q=12 r= 1 1
x=                   0 y= 5 q=13 r= 1 2
x=                   0 y= 5 q=14 r= 2 1
x=                   0 y= 5 q=15 r= 5 0
x=                   0 y= 6 q= 1 r= 6 0
x=                   0 y= 6 q= 2 r= 3 0
x=                   0 y= 6 q= 3 r= 2 0
x=                   0 y= 6 q= 4 r= 1 2
x=                   0 y= 6 q= 5 r= 1 1
x=                   0 y= 6 q= 6 r= 1 0
x=                   0 y= 6 q= 7 r= 0 6
x=                   0 y= 6 q= 8 r= 0 6
x=                   0 y= 6 q= 9 r= 0 6
x=                   0 y= 6 q=10 r= 1 0
x=                   0 y= 6 q=11 r= 1 1
x=                   0 y= 6 q=12 r= 1 2
x=                   0 y= 6 q=13 r= 2 0
x=                   0 y= 6 q=14 r= 3 0
x=                   0 y= 6 q=15 r= 6 0
x=                   0 y= 7 q= 1 r= 7 0
x=                   0 y= 7 q= 2 r= 3 1
x=                   0 y= 7 q= 3 r= 2 1
x=                   0 y= 7 q= 4 r= 1 3
x=                   0 y= 7 q= 5 r= 1 2
x=                   0 y= 7 q= 6 r= 1 1
x=                   0 y= 7 q= 7 r= 1 0
x=                   0 y= 7 q= 8 r= 0 7
x=                   0 y= 7 q= 9 r= 1 0
x=                   0 y= 7 q=10 r= 1 1
x=                   0 y= 7 q=11 r= 1 2
x=                   0 y= 7 q=12 r= 1 3
x=                   0 y= 7 q=13 r= 2 1
x=                   0 y= 7 q=14 r= 3 1
x=                   0 y= 7 q=15 r= 7 0
x=                   0 y= 8 q= 1 r= 8 0
x=                   0 y= 8 q= 2 r= 4 0
x=                   0 y= 8 q= 3 r= 214
x=                   0 y= 8 q= 4 r= 2 0
x=                   0 y= 8 q= 5 r= 113
x=                   0 y= 8 q= 6 r= 114
x=                   0 y= 8 q= 7 r= 115
x=                   0 y= 8 q= 8 r= 1 0
x=                   0 y= 8 q= 9 r= 115
x=                   0 y= 8 q=10 r= 114
x=                   0 y= 8 q=11 r= 113
x=                   0 y= 8 q=12 r= 2 0
x=                   0 y= 8 q=13 r= 214
x=                   0 y= 8 q=14 r= 4 0
x=                   0 y= 8 q=15 r= 8 0
x=                   0 y= 9 q= 1 r= 7 0
x=                   0 y= 9 q= 2 r= 315
x=                   0 y= 9 q= 3 r= 215
x=                   0 y= 9 q= 4 r= 113
x=                   0 y= 9 q= 5 r= 114
x=                   0 y= 9 q= 6 r= 115
x=                   0 y= 9 q= 7 r= 1 0
x=                   0 y= 9 q= 8 r= 0 9
x=                   0 y= 9 q= 9 r= 1 0
x=                   0 y= 9 q=10 r= 115
x=                   0 y= 9 q=11 r= 114
x=                   0 y= 9 q=12 r= 113
x=                   0 y= 9 q=13 r= 215
x=                   0 y= 9 q=14 r= 315
x=                   0 y= 9 q=15 r= 7 0
x=                   0 y=10 q= 1 r= 6 0
x=                   0 y=10 q= 2 r= 3 0
x=                   0 y=10 q= 3 r= 2 0
x=                   0 y=10 q= 4 r= 114
x=                   0 y=10 q= 5 r= 115
x=                   0 y=10 q= 6 r= 1 0
x=                   0 y=10 q= 7 r= 010
x=                   0 y=10 q= 8 r= 010
x=                   0 y=10 q= 9 r= 010
x=                   0 y=10 q=10 r= 1 0
x=                   0 y=10 q=11 r= 115
x=                   0 y=10 q=12 r= 114
x=                   0 y=10 q=13 r= 2 0
x=                   0 y=10 q=14 r= 3 0
x=                   0 y=10 q=15 r= 6 0
x=                   0 y=11 q= 1 r= 5 0
x=                   0 y=11 q= 2 r= 215
x=                   0 y=11 q= 3 r= 114
x=                   0 y=11 q= 4 r= 115
x=                   0 y=11 q= 5 r= 1 0
x=                   0 y=11 q= 6 r= 011
x=                   0 y=11 q= 7 r= 011
x=                   0 y=11 q= 8 r= 011
x=                   0 y=11 q= 9 r= 011
x=                   0 y=11 q=10 r= 011
x=                   0 y=11 q=11 r= 1 0
x=                   0 y=11 q=12 r= 115
x=                   0 y=11 q=13 r= 114
x=                   0 y=11 q=14 r= 215
x=                   0 y=11 q=15 r= 5 0
x=                   0 y=12 q= 1 r= 4 0
x=                   0 y=12 q= 2 r= 2 0
x=                   0 y=12 q= 3 r= 115
x=                   0 y=12 q= 4 r= 1 0
x=                   0 y=12 q= 5 r= 012
x=                   0 y=12 q= 6 r= 012
x=                   0 y=12 q= 7 r= 012
x=                   0 y=12 q= 8 r= 012
x=                   0 y=12 q= 9 r= 012
x=                   0 y=12 q=10 r= 012
x=                   0 y=12 q=11 r= 012
x=                   0 y=12 q=12 r= 1 0
x=                   0 y=12 q=13 r= 115
x=                   0 y=12 q=14 r= 2 0
x=                   0 y=12 q=15 r= 4 0
x=                   0 y=13 q= 1 r= 3 0
x=                   0 y=13 q= 2 r= 115
x=                   0 y=13 q= 3 r= 1 0
x=                   0 y=13 q= 4 r= 013
x=                   0 y=13 q= 5 r= 013
x=                   0 y=13 q= 6 r= 013
x=                   0 y=13 q= 7 r= 013
x=                   0 y=13 q= 8 r= 013
x=                   0 y=13 q= 9 r= 013
x=                   0 y=13 q=10 r= 013
x=                   0 y=13 q=11 r= 013
x=                   0 y=13 q=12 r= 013
x=                   0 y=13 q=13 r= 1 0
x=                   0 y=13 q=14 r= 115
x=                   0 y=13 q=15 r= 3 0
x=                   0 y=14 q= 1 r= 2 0
x=                   0 y=14 q= 2 r= 1 0
x=                   0 y=14 q= 3 r= 014
x=                   0 y=14 q= 4 r= 014
x=                   0 y=14 q= 5 r= 014
x=                   0 y=14 q= 6 r= 014
x=                   0 y=14 q= 7 r= 014
x=                   0 y=14 q= 8 r= 014
x=                   0 y=14 q= 9 r= 014
x=                   0 y=14 q=10 r= 014
x=                   0 y=14 q=11 r= 014
x=                   0 y=14 q=12 r= 014
x=                   0 y=14 q=13 r= 014
x=                   0 y=14 q=14 r= 1 0
x=                   0 y=14 q=15 r= 2 0
x=                   0 y=15 q= 1 r= 1 0
x=                   0 y=15 q= 2 r= 015
x=                   0 y=15 q= 3 r= 015
x=                   0 y=15 q= 4 r= 015
x=                   0 y=15 q= 5 r= 015
x=                   0 y=15 q= 6 r= 015
x=                   0 y=15 q= 7 r= 015
x=                   0 y=15 q= 8 r= 015
x=                   0 y=15 q= 9 r= 015
x=                   0 y=15 q=10 r= 015
x=                   0 y=15 q=11 r= 015
x=                   0 y=15 q=12 r= 015
x=                   0 y=15 q=13 r= 015
x=                   0 y=15 q=14 r= 015
$stop called at time : 224 ps : File "C:/Users/Karloz/Desktop/div/div.srcs/sim_1/new/div_tb.v" Line 27
INFO: [USF-XSim-96] XSim completed. Design snapshot 'mul_test_behav' loaded.
INFO: [USF-XSim-97] XSim simulation ran for 1000ns
reset_run synth_1
WARNING: [Vivado 12-1017] Problems encountered:
1. Failed to delete one or more files in run directory C:/Users/Karloz/Desktop/div/div.runs/synth_1

launch_runs synth_1 -jobs 12
[Tue Nov  2 19:20:25 2021] Launched synth_1...
Run output will be captured here: C:/Users/Karloz/Desktop/div/div.runs/synth_1/runme.log
close_sim
INFO: [Simtcl 6-16] Simulation closed
launch_simulation
INFO: [Vivado 12-5682] Launching behavioral simulation in 'C:/Users/Karloz/Desktop/div/div.sim/sim_1/behav/xsim'
INFO: [SIM-utils-51] Simulation object is 'sim_1'
INFO: [SIM-utils-54] Inspecting design source files for 'mul_test' in fileset 'sim_1'...
INFO: [USF-XSim-97] Finding global include files...
INFO: [USF-XSim-98] Fetching design files from 'sim_1'...
INFO: [USF-XSim-2] XSim::Compile design
INFO: [USF-XSim-61] Executing 'COMPILE and ANALYZE' step in 'C:/Users/Karloz/Desktop/div/div.sim/sim_1/behav/xsim'
"xvlog --incr --relax -prj mul_test_vlog.prj"
INFO: [VRFC 10-2263] Analyzing Verilog file "C:/Users/Karloz/Desktop/div/div.srcs/sources_1/new/div.v" into library xil_defaultlib
INFO: [VRFC 10-311] analyzing module DIVU
INFO: [VRFC 10-311] analyzing module signed_div
INFO: [VRFC 10-2263] Analyzing Verilog file "C:/Users/Karloz/Desktop/div/div.srcs/sim_1/new/div_tb.v" into library xil_defaultlib
INFO: [VRFC 10-311] analyzing module mul_test
INFO: [USF-XSim-69] 'compile' step finished in '1' seconds
INFO: [USF-XSim-3] XSim::Elaborate design
INFO: [USF-XSim-61] Executing 'ELABORATE' step in 'C:/Users/Karloz/Desktop/div/div.sim/sim_1/behav/xsim'
"xelab -wto 9c633eb4fdf9427482850930bd30d9c6 --incr --debug typical --relax --mt 2 -L xil_defaultlib -L unisims_ver -L unimacro_ver -L secureip --snapshot mul_test_behav xil_defaultlib.mul_test xil_defaultlib.glbl -log elaborate.log"
Vivado Simulator 2019.1
Copyright 1986-1999, 2001-2019 Xilinx, Inc. All Rights Reserved.
Running: D:/Software/Vivado/Vivado/2019.1/bin/unwrapped/win64.o/xelab.exe -wto 9c633eb4fdf9427482850930bd30d9c6 --incr --debug typical --relax --mt 2 -L xil_defaultlib -L unisims_ver -L unimacro_ver -L secureip --snapshot mul_test_behav xil_defaultlib.mul_test xil_defaultlib.glbl -log elaborate.log 
Using 2 slave threads.
Starting static elaboration
Completed static elaboration
Starting simulation data flow analysis
WARNING: [XSIM 43-4099] "C:/Users/Karloz/Desktop/div/div.srcs/sources_1/new/div.v" Line 40. Module signed_div doesn't have a timescale but at least one module in design has a timescale.
Completed simulation data flow analysis
Time Resolution for simulation is 1ps
Compiling module xil_defaultlib.signed_div
Compiling module xil_defaultlib.mul_test
Compiling module xil_defaultlib.glbl
Built simulation snapshot mul_test_behav
INFO: [USF-XSim-69] 'elaborate' step finished in '1' seconds
INFO: [USF-XSim-4] XSim::Simulate design
INFO: [USF-XSim-61] Executing 'SIMULATE' step in 'C:/Users/Karloz/Desktop/div/div.sim/sim_1/behav/xsim'
INFO: [USF-XSim-98] *** Running xsim
   with args "mul_test_behav -key {Behavioral:sim_1:Functional:mul_test} -tclbatch {mul_test.tcl} -log {simulate.log}"
INFO: [USF-XSim-8] Loading simulator feature
Vivado Simulator 2019.1
Time resolution is 1 ps
source mul_test.tcl
# set curr_wave [current_wave_config]
# if { [string length $curr_wave] == 0 } {
#   if { [llength [get_objects]] > 0} {
#     add_wave /
#     set_property needs_save false [current_wave_config]
#   } else {
#      send_msg_id Add_Wave-1 WARNING "No top level signals found. Simulator will start without a wave window. If you want to open a wave window go to 'File->New Waveform Configuration' or type 'create_wave_config' in the TCL console."
#   }
# }
# run 1000ns
x=                   0 y= 1 q= 2 r= 0 1
x=                   0 y= 1 q= 3 r= 0 1
x=                   0 y= 1 q= 4 r= 0 1
x=                   0 y= 1 q= 5 r= 0 1
x=                   0 y= 1 q= 6 r= 0 1
x=                   0 y= 1 q= 7 r= 0 1
x=                   0 y= 1 q= 8 r= 0 1
x=                   0 y= 1 q= 9 r= 0 1
x=                   0 y= 1 q=10 r= 0 1
x=                   0 y= 1 q=11 r= 0 1
x=                   0 y= 1 q=12 r= 0 1
x=                   0 y= 1 q=13 r= 0 1
x=                   0 y= 1 q=14 r= 0 1
x=                   0 y= 1 q=15 r=15 0
x=                   0 y= 2 q= 1 r= 2 0
x=                   0 y= 2 q= 2 r= 1 0
x=                   0 y= 2 q= 3 r= 0 2
x=                   0 y= 2 q= 4 r= 0 2
x=                   0 y= 2 q= 5 r= 0 2
x=                   0 y= 2 q= 6 r= 0 2
x=                   0 y= 2 q= 7 r= 0 2
x=                   0 y= 2 q= 8 r= 0 2
x=                   0 y= 2 q= 9 r= 0 2
x=                   0 y= 2 q=10 r= 0 2
x=                   0 y= 2 q=11 r= 0 2
x=                   0 y= 2 q=12 r= 0 2
x=                   0 y= 2 q=13 r= 0 2
x=                   0 y= 2 q=14 r=15 0
x=                   0 y= 2 q=15 r=14 0
x=                   0 y= 3 q= 1 r= 3 0
x=                   0 y= 3 q= 2 r= 1 1
x=                   0 y= 3 q= 3 r= 1 0
x=                   0 y= 3 q= 4 r= 0 3
x=                   0 y= 3 q= 5 r= 0 3
x=                   0 y= 3 q= 6 r= 0 3
x=                   0 y= 3 q= 7 r= 0 3
x=                   0 y= 3 q= 8 r= 0 3
x=                   0 y= 3 q= 9 r= 0 3
x=                   0 y= 3 q=10 r= 0 3
x=                   0 y= 3 q=11 r= 0 3
x=                   0 y= 3 q=12 r= 0 3
x=                   0 y= 3 q=13 r=15 0
x=                   0 y= 3 q=14 r=15 1
x=                   0 y= 3 q=15 r=13 0
x=                   0 y= 4 q= 1 r= 4 0
x=                   0 y= 4 q= 2 r= 2 0
x=                   0 y= 4 q= 3 r= 1 1
x=                   0 y= 4 q= 4 r= 1 0
x=                   0 y= 4 q= 5 r= 0 4
x=                   0 y= 4 q= 6 r= 0 4
x=                   0 y= 4 q= 7 r= 0 4
x=                   0 y= 4 q= 8 r= 0 4
x=                   0 y= 4 q= 9 r= 0 4
x=                   0 y= 4 q=10 r= 0 4
x=                   0 y= 4 q=11 r= 0 4
x=                   0 y= 4 q=12 r=15 0
x=                   0 y= 4 q=13 r=15 1
x=                   0 y= 4 q=14 r=14 0
x=                   0 y= 4 q=15 r=12 0
x=                   0 y= 5 q= 1 r= 5 0
x=                   0 y= 5 q= 2 r= 2 1
x=                   0 y= 5 q= 3 r= 1 2
x=                   0 y= 5 q= 4 r= 1 1
x=                   0 y= 5 q= 5 r= 1 0
x=                   0 y= 5 q= 6 r= 0 5
x=                   0 y= 5 q= 7 r= 0 5
x=                   0 y= 5 q= 8 r= 0 5
x=                   0 y= 5 q= 9 r= 0 5
x=                   0 y= 5 q=10 r= 0 5
x=                   0 y= 5 q=11 r=15 0
x=                   0 y= 5 q=12 r=15 1
x=                   0 y= 5 q=13 r=15 2
x=                   0 y= 5 q=14 r=14 1
x=                   0 y= 5 q=15 r=11 0
x=                   0 y= 6 q= 1 r= 6 0
x=                   0 y= 6 q= 2 r= 3 0
x=                   0 y= 6 q= 3 r= 2 0
x=                   0 y= 6 q= 4 r= 1 2
x=                   0 y= 6 q= 5 r= 1 1
x=                   0 y= 6 q= 6 r= 1 0
x=                   0 y= 6 q= 7 r= 0 6
x=                   0 y= 6 q= 8 r= 0 6
x=                   0 y= 6 q= 9 r= 0 6
x=                   0 y= 6 q=10 r=15 0
x=                   0 y= 6 q=11 r=15 1
x=                   0 y= 6 q=12 r=15 2
x=                   0 y= 6 q=13 r=14 0
x=                   0 y= 6 q=14 r=13 0
x=                   0 y= 6 q=15 r=10 0
x=                   0 y= 7 q= 1 r= 7 0
x=                   0 y= 7 q= 2 r= 3 1
x=                   0 y= 7 q= 3 r= 2 1
x=                   0 y= 7 q= 4 r= 1 3
x=                   0 y= 7 q= 5 r= 1 2
x=                   0 y= 7 q= 6 r= 1 1
x=                   0 y= 7 q= 7 r= 1 0
x=                   0 y= 7 q= 8 r= 0 7
x=                   0 y= 7 q= 9 r=15 0
x=                   0 y= 7 q=10 r=15 1
x=                   0 y= 7 q=11 r=15 2
x=                   0 y= 7 q=12 r=15 3
x=                   0 y= 7 q=13 r=14 1
x=                   0 y= 7 q=14 r=13 1
x=                   0 y= 7 q=15 r= 9 0
x=                   0 y= 8 q= 1 r= 8 0
x=                   0 y= 8 q= 2 r=12 0
x=                   0 y= 8 q= 3 r=1414
x=                   0 y= 8 q= 4 r=14 0
x=                   0 y= 8 q= 5 r=1513
x=                   0 y= 8 q= 6 r=1514
x=                   0 y= 8 q= 7 r=1515
x=                   0 y= 8 q= 8 r= 1 0
x=                   0 y= 8 q= 9 r= 115
x=                   0 y= 8 q=10 r= 114
x=                   0 y= 8 q=11 r= 113
x=                   0 y= 8 q=12 r= 2 0
x=                   0 y= 8 q=13 r= 214
x=                   0 y= 8 q=14 r= 4 0
x=                   0 y= 8 q=15 r= 8 0
x=                   0 y= 9 q= 1 r= 9 0
x=                   0 y= 9 q= 2 r=1315
x=                   0 y= 9 q= 3 r=1415
x=                   0 y= 9 q= 4 r=1513
x=                   0 y= 9 q= 5 r=1514
x=                   0 y= 9 q= 6 r=1515
x=                   0 y= 9 q= 7 r=15 0
x=                   0 y= 9 q= 8 r= 0 9
x=                   0 y= 9 q= 9 r= 1 0
x=                   0 y= 9 q=10 r= 115
x=                   0 y= 9 q=11 r= 114
x=                   0 y= 9 q=12 r= 113
x=                   0 y= 9 q=13 r= 215
x=                   0 y= 9 q=14 r= 315
x=                   0 y= 9 q=15 r= 7 0
x=                   0 y=10 q= 1 r=10 0
x=                   0 y=10 q= 2 r=13 0
x=                   0 y=10 q= 3 r=14 0
x=                   0 y=10 q= 4 r=1514
x=                   0 y=10 q= 5 r=1515
x=                   0 y=10 q= 6 r=15 0
x=                   0 y=10 q= 7 r= 010
x=                   0 y=10 q= 8 r= 010
x=                   0 y=10 q= 9 r= 010
x=                   0 y=10 q=10 r= 1 0
x=                   0 y=10 q=11 r= 115
x=                   0 y=10 q=12 r= 114
x=                   0 y=10 q=13 r= 2 0
x=                   0 y=10 q=14 r= 3 0
x=                   0 y=10 q=15 r= 6 0
x=                   0 y=11 q= 1 r=11 0
x=                   0 y=11 q= 2 r=1415
x=                   0 y=11 q= 3 r=1514
x=                   0 y=11 q= 4 r=1515
x=                   0 y=11 q= 5 r=15 0
x=                   0 y=11 q= 6 r= 011
x=                   0 y=11 q= 7 r= 011
x=                   0 y=11 q= 8 r= 011
x=                   0 y=11 q= 9 r= 011
x=                   0 y=11 q=10 r= 011
x=                   0 y=11 q=11 r= 1 0
x=                   0 y=11 q=12 r= 115
x=                   0 y=11 q=13 r= 114
x=                   0 y=11 q=14 r= 215
x=                   0 y=11 q=15 r= 5 0
x=                   0 y=12 q= 1 r=12 0
x=                   0 y=12 q= 2 r=14 0
x=                   0 y=12 q= 3 r=1515
x=                   0 y=12 q= 4 r=15 0
x=                   0 y=12 q= 5 r= 012
x=                   0 y=12 q= 6 r= 012
x=                   0 y=12 q= 7 r= 012
x=                   0 y=12 q= 8 r= 012
x=                   0 y=12 q= 9 r= 012
x=                   0 y=12 q=10 r= 012
x=                   0 y=12 q=11 r= 012
x=                   0 y=12 q=12 r= 1 0
x=                   0 y=12 q=13 r= 115
x=                   0 y=12 q=14 r= 2 0
x=                   0 y=12 q=15 r= 4 0
x=                   0 y=13 q= 1 r=13 0
x=                   0 y=13 q= 2 r=1515
x=                   0 y=13 q= 3 r=15 0
x=                   0 y=13 q= 4 r= 013
x=                   0 y=13 q= 5 r= 013
x=                   0 y=13 q= 6 r= 013
x=                   0 y=13 q= 7 r= 013
x=                   0 y=13 q= 8 r= 013
x=                   0 y=13 q= 9 r= 013
x=                   0 y=13 q=10 r= 013
x=                   0 y=13 q=11 r= 013
x=                   0 y=13 q=12 r= 013
x=                   0 y=13 q=13 r= 1 0
x=                   0 y=13 q=14 r= 115
x=                   0 y=13 q=15 r= 3 0
x=                   0 y=14 q= 1 r=14 0
x=                   0 y=14 q= 2 r=15 0
x=                   0 y=14 q= 3 r= 014
x=                   0 y=14 q= 4 r= 014
x=                   0 y=14 q= 5 r= 014
x=                   0 y=14 q= 6 r= 014
x=                   0 y=14 q= 7 r= 014
x=                   0 y=14 q= 8 r= 014
x=                   0 y=14 q= 9 r= 014
x=                   0 y=14 q=10 r= 014
x=                   0 y=14 q=11 r= 014
x=                   0 y=14 q=12 r= 014
x=                   0 y=14 q=13 r= 014
x=                   0 y=14 q=14 r= 1 0
x=                   0 y=14 q=15 r= 2 0
x=                   0 y=15 q= 1 r=15 0
x=                   0 y=15 q= 2 r= 015
x=                   0 y=15 q= 3 r= 015
x=                   0 y=15 q= 4 r= 015
x=                   0 y=15 q= 5 r= 015
x=                   0 y=15 q= 6 r= 015
x=                   0 y=15 q= 7 r= 015
x=                   0 y=15 q= 8 r= 015
x=                   0 y=15 q= 9 r= 015
x=                   0 y=15 q=10 r= 015
x=                   0 y=15 q=11 r= 015
x=                   0 y=15 q=12 r= 015
x=                   0 y=15 q=13 r= 015
x=                   0 y=15 q=14 r= 015
$stop called at time : 224 ps : File "C:/Users/Karloz/Desktop/div/div.srcs/sim_1/new/div_tb.v" Line 27
INFO: [USF-XSim-96] XSim completed. Design snapshot 'mul_test_behav' loaded.
INFO: [USF-XSim-97] XSim simulation ran for 1000ns
close_sim
INFO: [Simtcl 6-16] Simulation closed
exit
INFO: [Common 17-206] Exiting Vivado at Tue Nov  2 19:24:59 2021...
