#-----------------------------------------------------------
# Vivado v2019.1 (64-bit)
# SW Build 2552052 on Fri May 24 14:49:42 MDT 2019
# IP Build 2548770 on Fri May 24 18:01:18 MDT 2019
# Start of session at: Tue Dec  7 16:36:36 2021
# Process ID: 23336
# Current directory: C:/Users/Karloz/Desktop/计组实验/Verilog/div
# Command line: vivado.exe -gui_launcher_event rodinguilauncherevent20488 C:\Users\Karloz\Desktop\计组实验\Verilog\div\div.xpr
# Log file: C:/Users/Karloz/Desktop/计组实验/Verilog/div/vivado.log
# Journal file: C:/Users/Karloz/Desktop/计组实验/Verilog/div\vivado.jou
#-----------------------------------------------------------
start_gui
open_project C:/Users/Karloz/Desktop/计组实验/Verilog/div/div.xpr
INFO: [Project 1-313] Project file moved from 'C:/Users/Karloz/Desktop/div' since last save.
Scanning sources...
Finished scanning sources
INFO: [IP_Flow 19-234] Refreshing IP repositories
INFO: [IP_Flow 19-1704] No user IP repositories specified
INFO: [IP_Flow 19-2313] Loaded Vivado IP repository 'D:/Software/Vivado/Vivado/2019.1/data/ip'.
update_compile_order -fileset sources_1
exit
INFO: [Common 17-206] Exiting Vivado at Tue Dec  7 16:36:58 2021...
