#-----------------------------------------------------------
# Vivado v2019.1 (64-bit)
# SW Build 2552052 on Fri May 24 14:49:42 MDT 2019
# IP Build 2548770 on Fri May 24 18:01:18 MDT 2019
# Start of session at: Tue Nov  2 18:20:18 2021
# Process ID: 31652
# Current directory: C:/Users/Karloz/Desktop/计组/div
# Command line: vivado.exe -gui_launcher_event rodinguilauncherevent33788 C:\Users\Karloz\Desktop\计组\div\div.xpr
# Log file: C:/Users/Karloz/Desktop/计组/div/vivado.log
# Journal file: C:/Users/Karloz/Desktop/计组/div\vivado.jou
#-----------------------------------------------------------
start_gui
open_project C:/Users/Karloz/Desktop/计组/div/div.xpr
INFO: [Project 1-313] Project file moved from 'C:/Users/Karloz/Desktop/div' since last save.
Scanning sources...
Finished scanning sources
INFO: [IP_Flow 19-234] Refreshing IP repositories
INFO: [IP_Flow 19-1704] No user IP repositories specified
INFO: [IP_Flow 19-2313] Loaded Vivado IP repository 'D:/Software/Vivado/Vivado/2019.1/data/ip'.
update_compile_order -fileset sources_1
reset_run synth_1
launch_runs synth_1 -jobs 8
[Tue Nov  2 18:20:37 2021] Launched synth_1...
Run output will be captured here: C:/Users/Karloz/Desktop/计组/div/div.runs/synth_1/runme.log
exit
INFO: [Common 17-206] Exiting Vivado at Tue Nov  2 18:21:19 2021...
