#-----------------------------------------------------------
# Vivado v2019.1 (64-bit)
# SW Build 2552052 on Fri May 24 14:49:42 MDT 2019
# IP Build 2548770 on Fri May 24 18:01:18 MDT 2019
# Start of session at: Fri Oct 15 15:57:37 2021
# Process ID: 27732
# Current directory: C:/Users/Karloz/Desktop/project_4
# Command line: vivado.exe -gui_launcher_event rodinguilauncherevent2852 C:\Users\Karloz\Desktop\project_4\project_4.xpr
# Log file: C:/Users/Karloz/Desktop/project_4/vivado.log
# Journal file: C:/Users/Karloz/Desktop/project_4\vivado.jou
#-----------------------------------------------------------
start_gui
open_project C:/Users/Karloz/Desktop/project_4/project_4.xpr
Scanning sources...
Finished scanning sources
INFO: [IP_Flow 19-234] Refreshing IP repositories
INFO: [IP_Flow 19-1704] No user IP repositories specified
INFO: [IP_Flow 19-2313] Loaded Vivado IP repository 'D:/Software/Vivado/Vivado/2019.1/data/ip'.
update_compile_order -fileset sources_1
export_ip_user_files -of_objects  [get_files C:/Users/Karloz/Desktop/project_4/project_4.srcs/sources_1/new/1.v] -no_script -reset -force -quiet
remove_files  C:/Users/Karloz/Desktop/project_4/project_4.srcs/sources_1/new/1.v
close [ open C:/Users/Karloz/Desktop/project_4/project_4.srcs/sources_1/new/123.v w ]
add_files C:/Users/Karloz/Desktop/project_4/project_4.srcs/sources_1/new/123.v
update_compile_order -fileset sources_1
export_ip_user_files -of_objects  [get_files C:/Users/Karloz/Desktop/project_4/project_4.srcs/sources_1/new/123.v] -no_script -reset -force -quiet
remove_files  C:/Users/Karloz/Desktop/project_4/project_4.srcs/sources_1/new/123.v
close [ open C:/Users/Karloz/Desktop/project_4/project_4.srcs/sources_1/new/234.v w ]
add_files C:/Users/Karloz/Desktop/project_4/project_4.srcs/sources_1/new/234.v
