#-----------------------------------------------------------
# Vivado v2019.1 (64-bit)
# SW Build 2552052 on Fri May 24 14:49:42 MDT 2019
# IP Build 2548770 on Fri May 24 18:01:18 MDT 2019
# Start of session at: Tue Oct 26 20:03:56 2021
# Process ID: 55704
# Current directory: C:/Users/Karloz/Desktop/exp2
# Command line: vivado.exe -gui_launcher_event rodinguilauncherevent55392 C:\Users\Karloz\Desktop\exp2\project_4.xpr
# Log file: C:/Users/Karloz/Desktop/exp2/vivado.log
# Journal file: C:/Users/Karloz/Desktop/exp2\vivado.jou
#-----------------------------------------------------------
start_gui
open_project C:/Users/Karloz/Desktop/exp2/project_4.xpr
INFO: [Project 1-313] Project file moved from 'C:/Users/Karloz/Desktop/project_4' since last save.
Scanning sources...
Finished scanning sources
INFO: [IP_Flow 19-234] Refreshing IP repositories
INFO: [IP_Flow 19-1704] No user IP repositories specified
INFO: [IP_Flow 19-2313] Loaded Vivado IP repository 'D:/Software/Vivado/Vivado/2019.1/data/ip'.
update_compile_order -fileset sources_1
update_compile_order -fileset sources_1
file mkdir C:/Users/Karloz/Desktop/exp2/project_4.srcs/constrs_1
file mkdir C:/Users/Karloz/Desktop/exp2/project_4.srcs/constrs_1/new
close [ open C:/Users/Karloz/Desktop/exp2/project_4.srcs/constrs_1/new/234.xdc w ]
add_files -fileset constrs_1 C:/Users/Karloz/Desktop/exp2/project_4.srcs/constrs_1/new/234.xdc
launch_runs synth_1 -jobs 8
[Tue Oct 26 20:04:58 2021] Launched synth_1...
Run output will be captured here: C:/Users/Karloz/Desktop/exp2/project_4.runs/synth_1/runme.log
synth_design -rtl -name rtl_1
Command: synth_design -rtl -name rtl_1
Starting synth_design
Using part: xc7a100tcsg324-1
Top: main
INFO: [Device 21-403] Loading part xc7a100tcsg324-1
---------------------------------------------------------------------------------
Starting RTL Elaboration : Time (s): cpu = 00:00:02 ; elapsed = 00:00:02 . Memory (MB): peak = 1331.082 ; gain = 149.449
---------------------------------------------------------------------------------
INFO: [Synth 8-6157] synthesizing module 'main' [C:/Users/Karloz/Desktop/exp2/project_4.srcs/sources_1/new/234.v:193]
INFO: [Synth 8-6157] synthesizing module 'MULT' [C:/Users/Karloz/Desktop/exp2/project_4.srcs/sources_1/new/234.v:130]
INFO: [Synth 8-6157] synthesizing module 'adder_16' [C:/Users/Karloz/Desktop/exp2/project_4.srcs/sources_1/new/234.v:99]
INFO: [Synth 8-6157] synthesizing module 'adder' [C:/Users/Karloz/Desktop/exp2/project_4.srcs/sources_1/new/234.v:1]
INFO: [Synth 8-6155] done synthesizing module 'adder' (1#1) [C:/Users/Karloz/Desktop/exp2/project_4.srcs/sources_1/new/234.v:1]
INFO: [Synth 8-6155] done synthesizing module 'adder_16' (2#1) [C:/Users/Karloz/Desktop/exp2/project_4.srcs/sources_1/new/234.v:99]
INFO: [Synth 8-6155] done synthesizing module 'MULT' (3#1) [C:/Users/Karloz/Desktop/exp2/project_4.srcs/sources_1/new/234.v:130]
INFO: [Synth 8-6155] done synthesizing module 'main' (4#1) [C:/Users/Karloz/Desktop/exp2/project_4.srcs/sources_1/new/234.v:193]
---------------------------------------------------------------------------------
Finished RTL Elaboration : Time (s): cpu = 00:00:03 ; elapsed = 00:00:03 . Memory (MB): peak = 1371.914 ; gain = 190.281
---------------------------------------------------------------------------------

Report Check Netlist: 
+------+------------------+-------+---------+-------+------------------+
|      |Item              |Errors |Warnings |Status |Description       |
+------+------------------+-------+---------+-------+------------------+
|1     |multi_driven_nets |      0|        0|Passed |Multi driven nets |
+------+------------------+-------+---------+-------+------------------+
---------------------------------------------------------------------------------
Start Handling Custom Attributes
---------------------------------------------------------------------------------
---------------------------------------------------------------------------------
Finished Handling Custom Attributes : Time (s): cpu = 00:00:03 ; elapsed = 00:00:03 . Memory (MB): peak = 1394.762 ; gain = 213.129
---------------------------------------------------------------------------------
---------------------------------------------------------------------------------
Finished RTL Optimization Phase 1 : Time (s): cpu = 00:00:03 ; elapsed = 00:00:03 . Memory (MB): peak = 1394.762 ; gain = 213.129
---------------------------------------------------------------------------------
INFO: [Project 1-570] Preparing netlist for logic optimization

Processing XDC Constraints
Initializing timing engine
Parsing XDC File [C:/Users/Karloz/Desktop/exp2/project_4.srcs/constrs_1/new/234.xdc]
WARNING: [Vivado 12-584] No ports matched 'in'. [C:/Users/Karloz/Desktop/exp2/project_4.srcs/constrs_1/new/234.xdc:65]
CRITICAL WARNING: [Common 17-55] 'set_property' expects at least one object. [C:/Users/Karloz/Desktop/exp2/project_4.srcs/constrs_1/new/234.xdc:65]
Resolution: If [get_<value>] was used to populate the object, check to make sure this command returns at least one valid object.
WARNING: [Vivado 12-584] No ports matched 'in'. [C:/Users/Karloz/Desktop/exp2/project_4.srcs/constrs_1/new/234.xdc:66]
CRITICAL WARNING: [Common 17-55] 'set_property' expects at least one object. [C:/Users/Karloz/Desktop/exp2/project_4.srcs/constrs_1/new/234.xdc:66]
Resolution: If [get_<value>] was used to populate the object, check to make sure this command returns at least one valid object.
WARNING: [Vivado 12-584] No ports matched 'op'. [C:/Users/Karloz/Desktop/exp2/project_4.srcs/constrs_1/new/234.xdc:67]
CRITICAL WARNING: [Common 17-55] 'set_property' expects at least one object. [C:/Users/Karloz/Desktop/exp2/project_4.srcs/constrs_1/new/234.xdc:67]
Resolution: If [get_<value>] was used to populate the object, check to make sure this command returns at least one valid object.
WARNING: [Vivado 12-584] No ports matched 'op'. [C:/Users/Karloz/Desktop/exp2/project_4.srcs/constrs_1/new/234.xdc:68]
CRITICAL WARNING: [Common 17-55] 'set_property' expects at least one object. [C:/Users/Karloz/Desktop/exp2/project_4.srcs/constrs_1/new/234.xdc:68]
Resolution: If [get_<value>] was used to populate the object, check to make sure this command returns at least one valid object.
Finished Parsing XDC File [C:/Users/Karloz/Desktop/exp2/project_4.srcs/constrs_1/new/234.xdc]
Completed Processing XDC Constraints

INFO: [Opt 31-138] Pushed 0 inverter(s) to 0 load pin(s).
Netlist sorting complete. Time (s): cpu = 00:00:00 ; elapsed = 00:00:00.001 . Memory (MB): peak = 1520.258 ; gain = 0.000
INFO: [Project 1-111] Unisim Transformation Summary:
No Unisim elements were transformed.

RTL Elaboration Complete:  : Time (s): cpu = 00:00:11 ; elapsed = 00:00:06 . Memory (MB): peak = 1597.242 ; gain = 415.609
12 Infos, 4 Warnings, 4 Critical Warnings and 0 Errors encountered.
synth_design completed successfully
synth_design: Time (s): cpu = 00:00:15 ; elapsed = 00:00:10 . Memory (MB): peak = 1597.242 ; gain = 649.770
exit
INFO: [Common 17-206] Exiting Vivado at Tue Oct 26 20:06:55 2021...
