#-----------------------------------------------------------
# Vivado v2019.1 (64-bit)
# SW Build 2552052 on Fri May 24 14:49:42 MDT 2019
# IP Build 2548770 on Fri May 24 18:01:18 MDT 2019
# Start of session at: Sat Oct 30 18:54:50 2021
# Process ID: 8144
# Current directory: C:/Users/Karloz/Desktop/exp2
# Command line: vivado.exe -gui_launcher_event rodinguilauncherevent10820 C:\Users\Karloz\Desktop\exp2\project_4.xpr
# Log file: C:/Users/Karloz/Desktop/exp2/vivado.log
# Journal file: C:/Users/Karloz/Desktop/exp2\vivado.jou
#-----------------------------------------------------------
start_gui
open_project C:/Users/Karloz/Desktop/exp2/project_4.xpr
Scanning sources...
Finished scanning sources
INFO: [IP_Flow 19-234] Refreshing IP repositories
INFO: [IP_Flow 19-1704] No user IP repositories specified
INFO: [IP_Flow 19-2313] Loaded Vivado IP repository 'D:/Software/Vivado/Vivado/2019.1/data/ip'.
update_compile_order -fileset sources_1
launch_simulation
INFO: [Vivado 12-5682] Launching behavioral simulation in 'C:/Users/Karloz/Desktop/exp2/project_4.sim/sim_1/behav/xsim'
INFO: [SIM-utils-51] Simulation object is 'sim_1'
INFO: [SIM-utils-54] Inspecting design source files for 'main' in fileset 'sim_1'...
INFO: [USF-XSim-97] Finding global include files...
INFO: [USF-XSim-98] Fetching design files from 'sim_1'...
INFO: [USF-XSim-2] XSim::Compile design
INFO: [USF-XSim-61] Executing 'COMPILE and ANALYZE' step in 'C:/Users/Karloz/Desktop/exp2/project_4.sim/sim_1/behav/xsim'
"xvlog --incr --relax -prj main_vlog.prj"
INFO: [VRFC 10-2263] Analyzing Verilog file "C:/Users/Karloz/Desktop/exp2/project_4.srcs/sources_1/new/234.v" into library xil_defaultlib
INFO: [VRFC 10-311] analyzing module adder
INFO: [VRFC 10-311] analyzing module adder_16
INFO: [VRFC 10-311] analyzing module MULT
INFO: [VRFC 10-311] analyzing module main
INFO: [VRFC 10-2263] Analyzing Verilog file "C:/Users/Karloz/Desktop/exp2/project_4.sim/sim_1/behav/xsim/glbl.v" into library xil_defaultlib
INFO: [VRFC 10-311] analyzing module glbl
INFO: [USF-XSim-69] 'compile' step finished in '1' seconds
INFO: [USF-XSim-3] XSim::Elaborate design
INFO: [USF-XSim-61] Executing 'ELABORATE' step in 'C:/Users/Karloz/Desktop/exp2/project_4.sim/sim_1/behav/xsim'
"xelab -wto 71d018f7f7704f5d87cdbb2802c74d54 --incr --debug typical --relax --mt 2 -L xil_defaultlib -L unisims_ver -L unimacro_ver -L secureip --snapshot main_behav xil_defaultlib.main xil_defaultlib.glbl -log elaborate.log"
Vivado Simulator 2019.1
Copyright 1986-1999, 2001-2019 Xilinx, Inc. All Rights Reserved.
Running: D:/Software/Vivado/Vivado/2019.1/bin/unwrapped/win64.o/xelab.exe -wto 71d018f7f7704f5d87cdbb2802c74d54 --incr --debug typical --relax --mt 2 -L xil_defaultlib -L unisims_ver -L unimacro_ver -L secureip --snapshot main_behav xil_defaultlib.main xil_defaultlib.glbl -log elaborate.log 
Using 2 slave threads.
Starting static elaboration
WARNING: [VRFC 10-3091] actual bit length 32 differs from formal bit length 1 for port 'cin' [C:/Users/Karloz/Desktop/exp2/project_4.srcs/sources_1/new/234.v:109]
Completed static elaboration
Starting simulation data flow analysis
WARNING: [XSIM 43-4100] "C:/Users/Karloz/Desktop/exp2/project_4.sim/sim_1/behav/xsim/glbl.v" Line 6. Module glbl has a timescale but at least one module in design doesn't have timescale.
Completed simulation data flow analysis
Time Resolution for simulation is 1ps
Compiling module xil_defaultlib.adder
Compiling module xil_defaultlib.adder_16_default
Compiling module xil_defaultlib.MULT
Compiling module xil_defaultlib.main
Compiling module xil_defaultlib.glbl
Built simulation snapshot main_behav

****** Webtalk v2019.1 (64-bit)
  **** SW Build 2552052 on Fri May 24 14:49:42 MDT 2019
  **** IP Build 2548770 on Fri May 24 18:01:18 MDT 2019
    ** Copyright 1986-2019 Xilinx, Inc. All Rights Reserved.

source C:/Users/Karloz/Desktop/exp2/project_4.sim/sim_1/behav/xsim/xsim.dir/main_behav/webtalk/xsim_webtalk.tcl -notrace
INFO: [Common 17-186] 'C:/Users/Karloz/Desktop/exp2/project_4.sim/sim_1/behav/xsim/xsim.dir/main_behav/webtalk/usage_statistics_ext_xsim.xml' has been successfully sent to Xilinx on Sat Oct 30 18:56:46 2021. For additional details about this file, please refer to the WebTalk help file at D:/Software/Vivado/Vivado/2019.1/doc/webtalk_introduction.html.
webtalk_transmit: Time (s): cpu = 00:00:00 ; elapsed = 00:00:06 . Memory (MB): peak = 109.465 ; gain = 17.969
INFO: [Common 17-206] Exiting Webtalk at Sat Oct 30 18:56:46 2021...
run_program: Time (s): cpu = 00:00:00 ; elapsed = 00:00:08 . Memory (MB): peak = 919.898 ; gain = 0.000
INFO: [USF-XSim-69] 'elaborate' step finished in '7' seconds
INFO: [USF-XSim-4] XSim::Simulate design
INFO: [USF-XSim-61] Executing 'SIMULATE' step in 'C:/Users/Karloz/Desktop/exp2/project_4.sim/sim_1/behav/xsim'
INFO: [USF-XSim-98] *** Running xsim
   with args "main_behav -key {Behavioral:sim_1:Functional:main} -tclbatch {main.tcl} -log {simulate.log}"
INFO: [USF-XSim-8] Loading simulator feature
Vivado Simulator 2019.1
Time resolution is 1 ps
source main.tcl
# set curr_wave [current_wave_config]
# if { [string length $curr_wave] == 0 } {
#   if { [llength [get_objects]] > 0} {
#     add_wave /
#     set_property needs_save false [current_wave_config]
#   } else {
#      send_msg_id Add_Wave-1 WARNING "No top level signals found. Simulator will start without a wave window. If you want to open a wave window go to 'File->New Waveform Configuration' or type 'create_wave_config' in the TCL console."
#   }
# }
# run 1000ns
INFO: [USF-XSim-96] XSim completed. Design snapshot 'main_behav' loaded.
INFO: [USF-XSim-97] XSim simulation ran for 1000ns
launch_simulation: Time (s): cpu = 00:00:07 ; elapsed = 00:00:12 . Memory (MB): peak = 976.648 ; gain = 56.750
close_sim
INFO: [Simtcl 6-16] Simulation closed
close_sim: Time (s): cpu = 00:00:03 ; elapsed = 00:00:07 . Memory (MB): peak = 995.160 ; gain = 18.512
exit
INFO: [Common 17-206] Exiting Vivado at Sat Oct 30 18:57:17 2021...
