#-----------------------------------------------------------
# Vivado v2019.1 (64-bit)
# SW Build 2552052 on Fri May 24 14:49:42 MDT 2019
# IP Build 2548770 on Fri May 24 18:01:18 MDT 2019
# Start of session at: Thu Nov 11 18:26:11 2021
# Process ID: 8028
# Current directory: C:/Users/Karloz/Desktop/RAM
# Command line: vivado.exe -gui_launcher_event rodinguilauncherevent12268 C:\Users\Karloz\Desktop\RAM\RAM.xpr
# Log file: C:/Users/Karloz/Desktop/RAM/vivado.log
# Journal file: C:/Users/Karloz/Desktop/RAM\vivado.jou
#-----------------------------------------------------------
start_gui
open_project C:/Users/Karloz/Desktop/RAM/RAM.xpr
Scanning sources...
Finished scanning sources
INFO: [IP_Flow 19-234] Refreshing IP repositories
INFO: [IP_Flow 19-1704] No user IP repositories specified
INFO: [IP_Flow 19-2313] Loaded Vivado IP repository 'D:/Software/Vivado/Vivado/2019.1/data/ip'.
update_compile_order -fileset sources_1
reorder_files -fileset constrs_1 -before C:/Users/Karloz/Desktop/RAM/RAM.srcs/constrs_1/new/ram.xdc C:/Users/Karloz/Desktop/RAM/RAM.srcs/constrs_1/new/ram.xdc
exit
INFO: [Common 17-206] Exiting Vivado at Thu Nov 11 18:38:10 2021...
