#-----------------------------------------------------------
# Vivado v2019.1 (64-bit)
# SW Build 2552052 on Fri May 24 14:49:42 MDT 2019
# IP Build 2548770 on Fri May 24 18:01:18 MDT 2019
# Start of session at: Tue Nov  2 18:48:51 2021
# Process ID: 2376
# Current directory: C:/Users/Karloz/Desktop/mul
# Command line: vivado.exe -gui_launcher_event rodinguilauncherevent15320 C:\Users\Karloz\Desktop\mul\project_1.xpr
# Log file: C:/Users/Karloz/Desktop/mul/vivado.log
# Journal file: C:/Users/Karloz/Desktop/mul\vivado.jou
#-----------------------------------------------------------
start_gui
open_project C:/Users/Karloz/Desktop/mul/project_1.xpr
INFO: [Project 1-313] Project file moved from 'C:/Users/Karloz/project_1' since last save.
Scanning sources...
Finished scanning sources
INFO: [IP_Flow 19-234] Refreshing IP repositories
INFO: [IP_Flow 19-1704] No user IP repositories specified
INFO: [IP_Flow 19-2313] Loaded Vivado IP repository 'D:/Software/Vivado/Vivado/2019.1/data/ip'.
update_compile_order -fileset sources_1
exit
INFO: [Common 17-206] Exiting Vivado at Tue Nov  2 18:49:32 2021...
